#
# There is insufficient memory for the Java Runtime Environment to continue.
# Native memory allocation (malloc) failed to allocate 1706416 bytes for Chunk::new
# Possible reasons:
#   The system is out of physical RAM or swap space
#   The process is running with CompressedOops enabled, and the Java Heap may be blocking the growth of the native heap
# Possible solutions:
#   Reduce memory load on the system
#   Increase physical memory or swap space
#   Check if swap backing store is full
#   Decrease Java heap size (-Xmx/-Xms)
#   Decrease number of Java threads
#   Decrease Java thread stack sizes (-Xss)
#   Set larger code cache with -XX:ReservedCodeCacheSize=
#   JVM is running with Unscaled Compressed Oops mode in which the Java heap is
#     placed in the first 4GB address space. The Java Heap base address is the
#     maximum limit for the native heap growth. Please use -XX:HeapBaseMinAddress
#     to set the Java Heap base and to place the Java Heap above 4GB virtual address.
# This output file may be truncated or incomplete.
#
#  Out of Memory Error (./open/src/hotspot/share/memory/arena.cpp:197), pid=10324, tid=14856
#
# JRE version: Java(TM) SE Runtime Environment 18.9 (11.0.17+10) (build 11.0.17+10-LTS-269)
# Java VM: Java HotSpot(TM) 64-Bit Server VM 18.9 (11.0.17+10-LTS-269, mixed mode, tiered, compressed oops, g1 gc, windows-amd64)
# No core dump will be written. Minidumps are not enabled by default on client versions of Windows
#

---------------  S U M M A R Y ------------

Command Line: -javaagent:C:\Program Files\JetBrains\IntelliJ IDEA Community Edition 2022.2.3\lib\idea_rt.jar=51379:C:\Program Files\JetBrains\IntelliJ IDEA Community Edition 2022.2.3\bin -Dfile.encoding=UTF-8 com.atos.library.libraryregistry.LibraryRegistryApplication

Host: Intel(R) Core(TM) i5-10210U CPU @ 1.60GHz, 8 cores, 7G,  Windows 10 , 64 bit Build 19041 (10.0.19041.2364)
Time: Tue Jan 31 21:46:17 2023 Hora oficial do Brasil elapsed time: 19.897729 seconds (0d 0h 0m 19s)

---------------  T H R E A D  ---------------

Current thread (0x000002c0e6a5d800):  JavaThread "C2 CompilerThread0" daemon [_thread_in_native, id=14856, stack(0x000000f52a300000,0x000000f52a400000)]


Current CompileTask:
C2:  19897 6153       4       org.springframework.boot.context.properties.source.SpringConfigurationPropertySources$SourcesIterator::hasNext (13 bytes)

Stack: [0x000000f52a300000,0x000000f52a400000]
Native frames: (J=compiled Java code, j=interpreted, Vv=VM code, C=native code)
V  [jvm.dll+0x62b5da]
V  [jvm.dll+0x7653df]
V  [jvm.dll+0x766a89]
V  [jvm.dll+0x767113]
V  [jvm.dll+0x23dd28]
V  [jvm.dll+0xb2a1c]
V  [jvm.dll+0xb2fdc]
V  [jvm.dll+0x341597]
V  [jvm.dll+0x30ef13]
V  [jvm.dll+0x30e25a]
V  [jvm.dll+0x1f8733]
V  [jvm.dll+0x1f78fd]
V  [jvm.dll+0x177c91]
V  [jvm.dll+0x207296]
V  [jvm.dll+0x20542b]
V  [jvm.dll+0x72b2c0]
V  [jvm.dll+0x723e64]
V  [jvm.dll+0x62a485]
C  [ucrtbase.dll+0x21bb2]
C  [KERNEL32.DLL+0x17614]
C  [ntdll.dll+0x526a1]


---------------  P R O C E S S  ---------------

Threads class SMR info:
_java_thread_list=0x000002c0ed00fe60, length=31, elements={
0x000002c0c8479000, 0x000002c0e6a2b000, 0x000002c0e6a2c000, 0x000002c0e6a55000,
0x000002c0e6a56000, 0x000002c0e6a59000, 0x000002c0e6a5d800, 0x000002c0e72b3800,
0x000002c0e72b4000, 0x000002c0e69e7800, 0x000002c0e7bb5800, 0x000002c0e831c800,
0x000002c0e8417000, 0x000002c0e8e67800, 0x000002c0e90ae000, 0x000002c0ea02d800,
0x000002c0ea74d000, 0x000002c0ece1f000, 0x000002c0eb7dd000, 0x000002c0ecb46000,
0x000002c0ecb44800, 0x000002c0ecb45000, 0x000002c0ecb43800, 0x000002c0ea781800,
0x000002c0ea77c000, 0x000002c0ea77f000, 0x000002c0ea780000, 0x000002c0ea77e800,
0x000002c0ea781000, 0x000002c0ea77d000, 0x000002c0ea782800
}

Java Threads: ( => current thread )
  0x000002c0c8479000 JavaThread "main" [_thread_blocked, id=10344, stack(0x000000f529700000,0x000000f529800000)]
  0x000002c0e6a2b000 JavaThread "Reference Handler" daemon [_thread_blocked, id=10644, stack(0x000000f529e00000,0x000000f529f00000)]
  0x000002c0e6a2c000 JavaThread "Finalizer" daemon [_thread_blocked, id=11480, stack(0x000000f529f00000,0x000000f52a000000)]
  0x000002c0e6a55000 JavaThread "Signal Dispatcher" daemon [_thread_blocked, id=13820, stack(0x000000f52a000000,0x000000f52a100000)]
  0x000002c0e6a56000 JavaThread "Attach Listener" daemon [_thread_blocked, id=12624, stack(0x000000f52a100000,0x000000f52a200000)]
  0x000002c0e6a59000 JavaThread "Service Thread" daemon [_thread_blocked, id=11476, stack(0x000000f52a200000,0x000000f52a300000)]
=>0x000002c0e6a5d800 JavaThread "C2 CompilerThread0" daemon [_thread_in_native, id=14856, stack(0x000000f52a300000,0x000000f52a400000)]
  0x000002c0e72b3800 JavaThread "C1 CompilerThread0" daemon [_thread_blocked, id=8048, stack(0x000000f52a400000,0x000000f52a500000)]
  0x000002c0e72b4000 JavaThread "Sweeper thread" daemon [_thread_blocked, id=444, stack(0x000000f52a500000,0x000000f52a600000)]
  0x000002c0e69e7800 JavaThread "Common-Cleaner" daemon [_thread_blocked, id=9264, stack(0x000000f52a600000,0x000000f52a700000)]
  0x000002c0e7bb5800 JavaThread "Monitor Ctrl-Break" daemon [_thread_in_native, id=15948, stack(0x000000f52a800000,0x000000f52a900000)]
  0x000002c0e831c800 JavaThread "Thread-0" [_thread_blocked, id=12884, stack(0x000000f52ac00000,0x000000f52ad00000)]
  0x000002c0e8417000 JavaThread "restartedMain" [_thread_in_Java, id=3228, stack(0x000000f52ad00000,0x000000f52ae00000)]
  0x000002c0e8e67800 JavaThread "Keep-Alive-Timer" daemon [_thread_blocked, id=6276, stack(0x000000f52b200000,0x000000f52b300000)]
  0x000002c0e90ae000 JavaThread "C2 CompilerThread1" daemon [_thread_in_native, id=13664, stack(0x000000f52b300000,0x000000f52b400000)]
  0x000002c0ea02d800 JavaThread "Catalina-utility-1" [_thread_blocked, id=12308, stack(0x000000f52b400000,0x000000f52b500000)]
  0x000002c0ea74d000 JavaThread "Catalina-utility-2" [_thread_blocked, id=1564, stack(0x000000f52b700000,0x000000f52b800000)]
  0x000002c0ece1f000 JavaThread "container-0" [_thread_blocked, id=13680, stack(0x000000f52b800000,0x000000f52b900000)]
  0x000002c0eb7dd000 JavaThread "Thread-5" daemon [_thread_in_native, id=744, stack(0x000000f52b900000,0x000000f52ba00000)]
  0x000002c0ecb46000 JavaThread "BufferPoolPruner-1-thread-1" daemon [_thread_blocked, id=6956, stack(0x000000f52ba00000,0x000000f52bb00000)]
  0x000002c0ecb44800 JavaThread "cluster-ClusterId{value='63d9b654a90f480577339dff', description='null'}-srv-cluster0.0xksplc.mongodb.net" daemon [_thread_blocked, id=5956, stack(0x000000f52bb00000,0x000000f52bc00000)]
  0x000002c0ecb45000 JavaThread "cluster-ClusterId{value='63d9b654a90f480577339dff', description='null'}-ac-rjdmfyj-shard-00-00.0xksplc.mongodb.net:27017" daemon [_thread_in_native, id=12536, stack(0x000000f52bc00000,0x000000f52bd00000)]
  0x000002c0ecb43800 JavaThread "cluster-rtt-ClusterId{value='63d9b654a90f480577339dff', description='null'}-ac-rjdmfyj-shard-00-00.0xksplc.mongodb.net:27017" daemon [_thread_blocked, id=16984, stack(0x000000f52bd00000,0x000000f52be00000)]
  0x000002c0ea781800 JavaThread "cluster-ClusterId{value='63d9b654a90f480577339dff', description='null'}-ac-rjdmfyj-shard-00-01.0xksplc.mongodb.net:27017" daemon [_thread_in_native, id=10680, stack(0x000000f52be00000,0x000000f52bf00000)]
  0x000002c0ea77c000 JavaThread "cluster-rtt-ClusterId{value='63d9b654a90f480577339dff', description='null'}-ac-rjdmfyj-shard-00-01.0xksplc.mongodb.net:27017" daemon [_thread_blocked, id=17116, stack(0x000000f52bf00000,0x000000f52c000000)]
  0x000002c0ea77f000 JavaThread "cluster-ClusterId{value='63d9b654a90f480577339dff', description='null'}-ac-rjdmfyj-shard-00-02.0xksplc.mongodb.net:27017" daemon [_thread_in_native, id=8148, stack(0x000000f52c000000,0x000000f52c100000)]
  0x000002c0ea780000 JavaThread "cluster-rtt-ClusterId{value='63d9b654a90f480577339dff', description='null'}-ac-rjdmfyj-shard-00-02.0xksplc.mongodb.net:27017" daemon [_thread_blocked, id=13056, stack(0x000000f52c100000,0x000000f52c200000)]
  0x000002c0ea77e800 JavaThread "MaintenanceTimer-2-thread-1" daemon [_thread_blocked, id=12716, stack(0x000000f52c200000,0x000000f52c300000)]
  0x000002c0ea781000 JavaThread "MaintenanceTimer-4-thread-1" daemon [_thread_blocked, id=11376, stack(0x000000f52c300000,0x000000f52c400000)]
  0x000002c0ea77d000 JavaThread "MaintenanceTimer-3-thread-1" daemon [_thread_blocked, id=7876, stack(0x000000f52c400000,0x000000f52c500000)]
  0x000002c0ea782800 JavaThread "spring.cloud.inetutils" daemon [_thread_blocked, id=15376, stack(0x000000f52c500000,0x000000f52c600000)]

Other Threads:
  0x000002c0e6a51800 VMThread "VM Thread" [stack: 0x000000f529d00000,0x000000f529e00000] [id=7560]
  0x000002c0e7aee800 WatcherThread [stack: 0x000000f52a900000,0x000000f52aa00000] [id=8052]
  0x000002c0c848f800 GCTaskThread "GC Thread#0" [stack: 0x000000f529800000,0x000000f529900000] [id=9880]
  0x000002c0e8354800 GCTaskThread "GC Thread#1" [stack: 0x000000f52aa00000,0x000000f52ab00000] [id=13668]
  0x000002c0e7eaa800 GCTaskThread "GC Thread#2" [stack: 0x000000f52ab00000,0x000000f52ac00000] [id=1284]
  0x000002c0e8767000 GCTaskThread "GC Thread#3" [stack: 0x000000f52ae00000,0x000000f52af00000] [id=14088]
  0x000002c0ea739800 GCTaskThread "GC Thread#4" [stack: 0x000000f52af00000,0x000000f52b000000] [id=17020]
  0x000002c0ea1ea800 GCTaskThread "GC Thread#5" [stack: 0x000000f52b000000,0x000000f52b100000] [id=13524]
  0x000002c0e8f84800 GCTaskThread "GC Thread#6" [stack: 0x000000f52b500000,0x000000f52b600000] [id=10568]
  0x000002c0ebb4a000 GCTaskThread "GC Thread#7" [stack: 0x000000f52b600000,0x000000f52b700000] [id=1640]
  0x000002c0c84bf800 ConcurrentGCThread "G1 Main Marker" [stack: 0x000000f529900000,0x000000f529a00000] [id=12852]
  0x000002c0c84c1000 ConcurrentGCThread "G1 Conc#0" [stack: 0x000000f529a00000,0x000000f529b00000] [id=17304]
  0x000002c0e81e3000 ConcurrentGCThread "G1 Conc#1" [stack: 0x000000f52b100000,0x000000f52b200000] [id=5296]
  0x000002c0e6894800 ConcurrentGCThread "G1 Refine#0" [stack: 0x000000f529b00000,0x000000f529c00000] [id=16936]
  0x000002c0e6895000 ConcurrentGCThread "G1 Young RemSet Sampling" [stack: 0x000000f529c00000,0x000000f529d00000] [id=2900]

Threads with active compile tasks:
C2 CompilerThread0    19961 6153       4       org.springframework.boot.context.properties.source.SpringConfigurationPropertySources$SourcesIterator::hasNext (13 bytes)
C2 CompilerThread1    19961 6171       4       org.springframework.boot.context.properties.source.SpringConfigurationPropertySources$SourcesIterator::fetchNext (138 bytes)

VM state:not at safepoint (normal execution)

VM Mutex/Monitor currently owned by a thread: None

Heap address: 0x0000000083800000, size: 1992 MB, Compressed Oops mode: 32-bit
Narrow klass base: 0x0000000000000000, Narrow klass shift: 3
Compressed class space size: 1073741824 Address: 0x0000000100000000

Heap:
 garbage-first heap   total 129024K, used 36891K [0x0000000083800000, 0x0000000100000000)
  region size 1024K, 10 young (10240K), 5 survivors (5120K)
 Metaspace       used 63802K, capacity 65990K, committed 66180K, reserved 1105920K
  class space    used 8143K, capacity 9048K, committed 9172K, reserved 1048576K
Heap Regions: E=young(eden), S=young(survivor), O=old, HS=humongous(starts), HC=humongous(continues), CS=collection set, F=free, A=archive, TAMS=top-at-mark-start (previous, next)
|   0|0x0000000083800000, 0x0000000083900000, 0x0000000083900000|100%| O|  |TAMS 0x0000000083900000, 0x0000000083800000| Untracked 
|   1|0x0000000083900000, 0x0000000083a00000, 0x0000000083a00000|100%| O|  |TAMS 0x0000000083a00000, 0x0000000083900000| Untracked 
|   2|0x0000000083a00000, 0x0000000083b00000, 0x0000000083b00000|100%| O|  |TAMS 0x0000000083b00000, 0x0000000083a00000| Untracked 
|   3|0x0000000083b00000, 0x0000000083c00000, 0x0000000083c00000|100%| O|  |TAMS 0x0000000083c00000, 0x0000000083b00000| Untracked 
|   4|0x0000000083c00000, 0x0000000083d00000, 0x0000000083d00000|100%| O|  |TAMS 0x0000000083d00000, 0x0000000083c00000| Untracked 
|   5|0x0000000083d00000, 0x0000000083e00000, 0x0000000083e00000|100%| O|  |TAMS 0x0000000083e00000, 0x0000000083d00000| Untracked 
|   6|0x0000000083e00000, 0x0000000083f00000, 0x0000000083f00000|100%| O|  |TAMS 0x0000000083f00000, 0x0000000083e00000| Untracked 
|   7|0x0000000083f00000, 0x0000000084000000, 0x0000000084000000|100%| O|  |TAMS 0x0000000084000000, 0x0000000083f00000| Untracked 
|   8|0x0000000084000000, 0x0000000084100000, 0x0000000084100000|100%| O|  |TAMS 0x0000000084100000, 0x0000000084000000| Untracked 
|   9|0x0000000084100000, 0x0000000084200000, 0x0000000084200000|100%| O|  |TAMS 0x0000000084200000, 0x0000000084100000| Untracked 
|  10|0x0000000084200000, 0x0000000084300000, 0x0000000084300000|100%| O|  |TAMS 0x0000000084300000, 0x0000000084200000| Untracked 
|  11|0x0000000084300000, 0x0000000084400000, 0x0000000084400000|100%| O|  |TAMS 0x0000000084400000, 0x0000000084300000| Untracked 
|  12|0x0000000084400000, 0x0000000084500000, 0x0000000084500000|100%| O|  |TAMS 0x0000000084500000, 0x0000000084400000| Untracked 
|  13|0x0000000084500000, 0x0000000084600000, 0x0000000084600000|100%| O|  |TAMS 0x0000000084600000, 0x0000000084500000| Untracked 
|  14|0x0000000084600000, 0x0000000084700000, 0x0000000084700000|100%| O|  |TAMS 0x0000000084700000, 0x0000000084600000| Untracked 
|  15|0x0000000084700000, 0x0000000084800000, 0x0000000084800000|100%| O|  |TAMS 0x0000000084800000, 0x0000000084700000| Untracked 
|  16|0x0000000084800000, 0x0000000084900000, 0x0000000084900000|100%| O|  |TAMS 0x0000000084900000, 0x0000000084800000| Untracked 
|  17|0x0000000084900000, 0x0000000084a00000, 0x0000000084a00000|100%| O|  |TAMS 0x0000000084a00000, 0x0000000084900000| Untracked 
|  18|0x0000000084a00000, 0x0000000084b00000, 0x0000000084b00000|100%| O|  |TAMS 0x0000000084b00000, 0x0000000084a00000| Untracked 
|  19|0x0000000084b00000, 0x0000000084c00000, 0x0000000084c00000|100%| O|  |TAMS 0x0000000084c00000, 0x0000000084b00000| Untracked 
|  20|0x0000000084c00000, 0x0000000084d00000, 0x0000000084d00000|100%| O|  |TAMS 0x0000000084d00000, 0x0000000084c00000| Untracked 
|  21|0x0000000084d00000, 0x0000000084e00000, 0x0000000084e00000|100%| O|  |TAMS 0x0000000084e00000, 0x0000000084d00000| Untracked 
|  22|0x0000000084e00000, 0x0000000084f00000, 0x0000000084f00000|100%| O|  |TAMS 0x0000000084f00000, 0x0000000084e00000| Untracked 
|  23|0x0000000084f00000, 0x0000000084f7cc00, 0x0000000085000000| 48%| O|  |TAMS 0x0000000084f7cc00, 0x0000000084f00000| Untracked 
|  24|0x0000000085000000, 0x0000000085100000, 0x0000000085100000|100%| O|  |TAMS 0x0000000085100000, 0x0000000085000000| Untracked 
|  25|0x0000000085100000, 0x0000000085200000, 0x0000000085200000|100%| O|  |TAMS 0x0000000085200000, 0x0000000085100000| Untracked 
|  26|0x0000000085200000, 0x0000000085300000, 0x0000000085300000|100%| O|  |TAMS 0x0000000085300000, 0x0000000085200000| Untracked 
|  27|0x0000000085300000, 0x0000000085400000, 0x0000000085400000|100%| O|  |TAMS 0x0000000085400000, 0x0000000085300000| Untracked 
|  28|0x0000000085400000, 0x0000000085400000, 0x0000000085500000|  0%| F|  |TAMS 0x0000000085400000, 0x0000000085400000| Untracked 
|  29|0x0000000085500000, 0x0000000085500000, 0x0000000085600000|  0%| F|  |TAMS 0x0000000085500000, 0x0000000085500000| Untracked 
|  30|0x0000000085600000, 0x0000000085600000, 0x0000000085700000|  0%| F|  |TAMS 0x0000000085600000, 0x0000000085600000| Untracked 
|  31|0x0000000085700000, 0x0000000085700000, 0x0000000085800000|  0%| F|  |TAMS 0x0000000085700000, 0x0000000085700000| Untracked 
|  32|0x0000000085800000, 0x0000000085800000, 0x0000000085900000|  0%| F|  |TAMS 0x0000000085800000, 0x0000000085800000| Untracked 
|  33|0x0000000085900000, 0x0000000085900000, 0x0000000085a00000|  0%| F|  |TAMS 0x0000000085900000, 0x0000000085900000| Untracked 
|  34|0x0000000085a00000, 0x0000000085a00000, 0x0000000085b00000|  0%| F|  |TAMS 0x0000000085a00000, 0x0000000085a00000| Untracked 
|  35|0x0000000085b00000, 0x0000000085b00000, 0x0000000085c00000|  0%| F|  |TAMS 0x0000000085b00000, 0x0000000085b00000| Untracked 
|  36|0x0000000085c00000, 0x0000000085c00000, 0x0000000085d00000|  0%| F|  |TAMS 0x0000000085c00000, 0x0000000085c00000| Untracked 
|  37|0x0000000085d00000, 0x0000000085d00000, 0x0000000085e00000|  0%| F|  |TAMS 0x0000000085d00000, 0x0000000085d00000| Untracked 
|  38|0x0000000085e00000, 0x0000000085e00000, 0x0000000085f00000|  0%| F|  |TAMS 0x0000000085e00000, 0x0000000085e00000| Untracked 
|  39|0x0000000085f00000, 0x0000000085f00000, 0x0000000086000000|  0%| F|  |TAMS 0x0000000085f00000, 0x0000000085f00000| Untracked 
|  40|0x0000000086000000, 0x0000000086000000, 0x0000000086100000|  0%| F|  |TAMS 0x0000000086000000, 0x0000000086000000| Untracked 
|  41|0x0000000086100000, 0x0000000086100000, 0x0000000086200000|  0%| F|  |TAMS 0x0000000086100000, 0x0000000086100000| Untracked 
|  42|0x0000000086200000, 0x0000000086200000, 0x0000000086300000|  0%| F|  |TAMS 0x0000000086200000, 0x0000000086200000| Untracked 
|  43|0x0000000086300000, 0x0000000086300000, 0x0000000086400000|  0%| F|  |TAMS 0x0000000086300000, 0x0000000086300000| Untracked 
|  44|0x0000000086400000, 0x0000000086400000, 0x0000000086500000|  0%| F|  |TAMS 0x0000000086400000, 0x0000000086400000| Untracked 
|  45|0x0000000086500000, 0x0000000086500000, 0x0000000086600000|  0%| F|  |TAMS 0x0000000086500000, 0x0000000086500000| Untracked 
|  46|0x0000000086600000, 0x0000000086600000, 0x0000000086700000|  0%| F|  |TAMS 0x0000000086600000, 0x0000000086600000| Untracked 
|  47|0x0000000086700000, 0x0000000086700000, 0x0000000086800000|  0%| F|  |TAMS 0x0000000086700000, 0x0000000086700000| Untracked 
|  48|0x0000000086800000, 0x0000000086800000, 0x0000000086900000|  0%| F|  |TAMS 0x0000000086800000, 0x0000000086800000| Untracked 
|  49|0x0000000086900000, 0x0000000086900000, 0x0000000086a00000|  0%| F|  |TAMS 0x0000000086900000, 0x0000000086900000| Untracked 
|  50|0x0000000086a00000, 0x0000000086a00000, 0x0000000086b00000|  0%| F|  |TAMS 0x0000000086a00000, 0x0000000086a00000| Untracked 
|  51|0x0000000086b00000, 0x0000000086b00000, 0x0000000086c00000|  0%| F|  |TAMS 0x0000000086b00000, 0x0000000086b00000| Untracked 
|  52|0x0000000086c00000, 0x0000000086c00000, 0x0000000086d00000|  0%| F|  |TAMS 0x0000000086c00000, 0x0000000086c00000| Untracked 
|  53|0x0000000086d00000, 0x0000000086d00000, 0x0000000086e00000|  0%| F|  |TAMS 0x0000000086d00000, 0x0000000086d00000| Untracked 
|  54|0x0000000086e00000, 0x0000000086e00000, 0x0000000086f00000|  0%| F|  |TAMS 0x0000000086e00000, 0x0000000086e00000| Untracked 
|  55|0x0000000086f00000, 0x0000000086f00000, 0x0000000087000000|  0%| F|  |TAMS 0x0000000086f00000, 0x0000000086f00000| Untracked 
|  56|0x0000000087000000, 0x0000000087000000, 0x0000000087100000|  0%| F|  |TAMS 0x0000000087000000, 0x0000000087000000| Untracked 
|  57|0x0000000087100000, 0x0000000087100000, 0x0000000087200000|  0%| F|  |TAMS 0x0000000087100000, 0x0000000087100000| Untracked 
|  58|0x0000000087200000, 0x0000000087200000, 0x0000000087300000|  0%| F|  |TAMS 0x0000000087200000, 0x0000000087200000| Untracked 
|  59|0x0000000087300000, 0x0000000087300000, 0x0000000087400000|  0%| F|  |TAMS 0x0000000087300000, 0x0000000087300000| Untracked 
|  60|0x0000000087400000, 0x0000000087400000, 0x0000000087500000|  0%| F|  |TAMS 0x0000000087400000, 0x0000000087400000| Untracked 
|  61|0x0000000087500000, 0x0000000087500000, 0x0000000087600000|  0%| F|  |TAMS 0x0000000087500000, 0x0000000087500000| Untracked 
|  62|0x0000000087600000, 0x0000000087600000, 0x0000000087700000|  0%| F|  |TAMS 0x0000000087600000, 0x0000000087600000| Untracked 
|  63|0x0000000087700000, 0x0000000087700000, 0x0000000087800000|  0%| F|  |TAMS 0x0000000087700000, 0x0000000087700000| Untracked 
|  64|0x0000000087800000, 0x0000000087800000, 0x0000000087900000|  0%| F|  |TAMS 0x0000000087800000, 0x0000000087800000| Untracked 
|  65|0x0000000087900000, 0x0000000087900000, 0x0000000087a00000|  0%| F|  |TAMS 0x0000000087900000, 0x0000000087900000| Untracked 
|  66|0x0000000087a00000, 0x0000000087a00000, 0x0000000087b00000|  0%| F|  |TAMS 0x0000000087a00000, 0x0000000087a00000| Untracked 
|  67|0x0000000087b00000, 0x0000000087b00000, 0x0000000087c00000|  0%| F|  |TAMS 0x0000000087b00000, 0x0000000087b00000| Untracked 
|  68|0x0000000087c00000, 0x0000000087c00000, 0x0000000087d00000|  0%| F|  |TAMS 0x0000000087c00000, 0x0000000087c00000| Untracked 
|  69|0x0000000087d00000, 0x0000000087d00000, 0x0000000087e00000|  0%| F|  |TAMS 0x0000000087d00000, 0x0000000087d00000| Untracked 
|  70|0x0000000087e00000, 0x0000000087e00000, 0x0000000087f00000|  0%| F|  |TAMS 0x0000000087e00000, 0x0000000087e00000| Untracked 
|  71|0x0000000087f00000, 0x0000000087f8a1f8, 0x0000000088000000| 53%| S|CS|TAMS 0x0000000087f00000, 0x0000000087f00000| Complete 
|  72|0x0000000088000000, 0x0000000088100000, 0x0000000088100000|100%| S|CS|TAMS 0x0000000088000000, 0x0000000088000000| Complete 
|  73|0x0000000088100000, 0x0000000088200000, 0x0000000088200000|100%| S|CS|TAMS 0x0000000088100000, 0x0000000088100000| Complete 
|  74|0x0000000088200000, 0x0000000088300000, 0x0000000088300000|100%| S|CS|TAMS 0x0000000088200000, 0x0000000088200000| Complete 
|  75|0x0000000088300000, 0x0000000088400000, 0x0000000088400000|100%| S|CS|TAMS 0x0000000088300000, 0x0000000088300000| Complete 
|  76|0x0000000088400000, 0x0000000088400000, 0x0000000088500000|  0%| F|  |TAMS 0x0000000088400000, 0x0000000088400000| Untracked 
|  77|0x0000000088500000, 0x0000000088500000, 0x0000000088600000|  0%| F|  |TAMS 0x0000000088500000, 0x0000000088500000| Untracked 
|  78|0x0000000088600000, 0x0000000088600000, 0x0000000088700000|  0%| F|  |TAMS 0x0000000088600000, 0x0000000088600000| Untracked 
|  79|0x0000000088700000, 0x0000000088700000, 0x0000000088800000|  0%| F|  |TAMS 0x0000000088700000, 0x0000000088700000| Untracked 
|  80|0x0000000088800000, 0x0000000088800000, 0x0000000088900000|  0%| F|  |TAMS 0x0000000088800000, 0x0000000088800000| Untracked 
|  81|0x0000000088900000, 0x0000000088900000, 0x0000000088a00000|  0%| F|  |TAMS 0x0000000088900000, 0x0000000088900000| Untracked 
|  82|0x0000000088a00000, 0x0000000088a00000, 0x0000000088b00000|  0%| F|  |TAMS 0x0000000088a00000, 0x0000000088a00000| Untracked 
|  83|0x0000000088b00000, 0x0000000088b00000, 0x0000000088c00000|  0%| F|  |TAMS 0x0000000088b00000, 0x0000000088b00000| Untracked 
|  84|0x0000000088c00000, 0x0000000088c00000, 0x0000000088d00000|  0%| F|  |TAMS 0x0000000088c00000, 0x0000000088c00000| Untracked 
|  85|0x0000000088d00000, 0x0000000088d00000, 0x0000000088e00000|  0%| F|  |TAMS 0x0000000088d00000, 0x0000000088d00000| Untracked 
|  86|0x0000000088e00000, 0x0000000088e00000, 0x0000000088f00000|  0%| F|  |TAMS 0x0000000088e00000, 0x0000000088e00000| Untracked 
|  87|0x0000000088f00000, 0x0000000088f00000, 0x0000000089000000|  0%| F|  |TAMS 0x0000000088f00000, 0x0000000088f00000| Untracked 
|  88|0x0000000089000000, 0x0000000089000000, 0x0000000089100000|  0%| F|  |TAMS 0x0000000089000000, 0x0000000089000000| Untracked 
|  89|0x0000000089100000, 0x0000000089100000, 0x0000000089200000|  0%| F|  |TAMS 0x0000000089100000, 0x0000000089100000| Untracked 
|  90|0x0000000089200000, 0x0000000089200000, 0x0000000089300000|  0%| F|  |TAMS 0x0000000089200000, 0x0000000089200000| Untracked 
|  91|0x0000000089300000, 0x0000000089300000, 0x0000000089400000|  0%| F|  |TAMS 0x0000000089300000, 0x0000000089300000| Untracked 
|  92|0x0000000089400000, 0x0000000089400000, 0x0000000089500000|  0%| F|  |TAMS 0x0000000089400000, 0x0000000089400000| Untracked 
|  93|0x0000000089500000, 0x0000000089500000, 0x0000000089600000|  0%| F|  |TAMS 0x0000000089500000, 0x0000000089500000| Untracked 
|  94|0x0000000089600000, 0x0000000089600000, 0x0000000089700000|  0%| F|  |TAMS 0x0000000089600000, 0x0000000089600000| Untracked 
|  95|0x0000000089700000, 0x0000000089700000, 0x0000000089800000|  0%| F|  |TAMS 0x0000000089700000, 0x0000000089700000| Untracked 
|  96|0x0000000089800000, 0x0000000089800000, 0x0000000089900000|  0%| F|  |TAMS 0x0000000089800000, 0x0000000089800000| Untracked 
|  97|0x0000000089900000, 0x0000000089900000, 0x0000000089a00000|  0%| F|  |TAMS 0x0000000089900000, 0x0000000089900000| Untracked 
|  98|0x0000000089a00000, 0x0000000089a00000, 0x0000000089b00000|  0%| F|  |TAMS 0x0000000089a00000, 0x0000000089a00000| Untracked 
|  99|0x0000000089b00000, 0x0000000089b00000, 0x0000000089c00000|  0%| F|  |TAMS 0x0000000089b00000, 0x0000000089b00000| Untracked 
| 100|0x0000000089c00000, 0x0000000089c00000, 0x0000000089d00000|  0%| F|  |TAMS 0x0000000089c00000, 0x0000000089c00000| Untracked 
| 101|0x0000000089d00000, 0x0000000089d00000, 0x0000000089e00000|  0%| F|  |TAMS 0x0000000089d00000, 0x0000000089d00000| Untracked 
| 102|0x0000000089e00000, 0x0000000089e00000, 0x0000000089f00000|  0%| F|  |TAMS 0x0000000089e00000, 0x0000000089e00000| Untracked 
| 103|0x0000000089f00000, 0x0000000089f00000, 0x000000008a000000|  0%| F|  |TAMS 0x0000000089f00000, 0x0000000089f00000| Untracked 
| 104|0x000000008a000000, 0x000000008a000000, 0x000000008a100000|  0%| F|  |TAMS 0x000000008a000000, 0x000000008a000000| Untracked 
| 105|0x000000008a100000, 0x000000008a100000, 0x000000008a200000|  0%| F|  |TAMS 0x000000008a100000, 0x000000008a100000| Untracked 
| 106|0x000000008a200000, 0x000000008a200000, 0x000000008a300000|  0%| F|  |TAMS 0x000000008a200000, 0x000000008a200000| Untracked 
| 107|0x000000008a300000, 0x000000008a300000, 0x000000008a400000|  0%| F|  |TAMS 0x000000008a300000, 0x000000008a300000| Untracked 
| 108|0x000000008a400000, 0x000000008a400000, 0x000000008a500000|  0%| F|  |TAMS 0x000000008a400000, 0x000000008a400000| Untracked 
| 109|0x000000008a500000, 0x000000008a500000, 0x000000008a600000|  0%| F|  |TAMS 0x000000008a500000, 0x000000008a500000| Untracked 
| 110|0x000000008a600000, 0x000000008a600000, 0x000000008a700000|  0%| F|  |TAMS 0x000000008a600000, 0x000000008a600000| Untracked 
| 111|0x000000008a700000, 0x000000008a700000, 0x000000008a800000|  0%| F|  |TAMS 0x000000008a700000, 0x000000008a700000| Untracked 
| 112|0x000000008a800000, 0x000000008a800000, 0x000000008a900000|  0%| F|  |TAMS 0x000000008a800000, 0x000000008a800000| Untracked 
| 113|0x000000008a900000, 0x000000008a900000, 0x000000008aa00000|  0%| F|  |TAMS 0x000000008a900000, 0x000000008a900000| Untracked 
| 114|0x000000008aa00000, 0x000000008aa00000, 0x000000008ab00000|  0%| F|  |TAMS 0x000000008aa00000, 0x000000008aa00000| Untracked 
| 115|0x000000008ab00000, 0x000000008ab00000, 0x000000008ac00000|  0%| F|  |TAMS 0x000000008ab00000, 0x000000008ab00000| Untracked 
| 116|0x000000008ac00000, 0x000000008ac00000, 0x000000008ad00000|  0%| F|  |TAMS 0x000000008ac00000, 0x000000008ac00000| Untracked 
| 117|0x000000008ad00000, 0x000000008ad00000, 0x000000008ae00000|  0%| F|  |TAMS 0x000000008ad00000, 0x000000008ad00000| Untracked 
| 118|0x000000008ae00000, 0x000000008ae00000, 0x000000008af00000|  0%| F|  |TAMS 0x000000008ae00000, 0x000000008ae00000| Untracked 
| 119|0x000000008af00000, 0x000000008af00000, 0x000000008b000000|  0%| F|  |TAMS 0x000000008af00000, 0x000000008af00000| Untracked 
| 120|0x000000008b000000, 0x000000008b000000, 0x000000008b100000|  0%| F|  |TAMS 0x000000008b000000, 0x000000008b000000| Untracked 
| 121|0x000000008b100000, 0x000000008b200000, 0x000000008b200000|100%| E|  |TAMS 0x000000008b100000, 0x000000008b100000| Complete 
| 122|0x000000008b200000, 0x000000008b300000, 0x000000008b300000|100%| E|CS|TAMS 0x000000008b200000, 0x000000008b200000| Complete 
| 123|0x000000008b300000, 0x000000008b400000, 0x000000008b400000|100%| E|CS|TAMS 0x000000008b300000, 0x000000008b300000| Complete 
| 124|0x000000008b400000, 0x000000008b500000, 0x000000008b500000|100%| E|CS|TAMS 0x000000008b400000, 0x000000008b400000| Complete 
| 125|0x000000008b500000, 0x000000008b600000, 0x000000008b600000|100%| E|CS|TAMS 0x000000008b500000, 0x000000008b500000| Complete 

Card table byte_map: [0x000002c0df9b0000,0x000002c0dfda0000] _byte_map_base: 0x000002c0df594000

Marking Bits (Prev, Next): (CMBitMap*) 0x000002c0c84b6de0, (CMBitMap*) 0x000002c0c84b6da8
 Prev Bits: [0x000002c0e20b0000, 0x000002c0e3fd0000)
 Next Bits: [0x000002c0e0190000, 0x000002c0e20b0000)

Polling page: 0x000002c0c6bc0000

Metaspace:

Usage:
  Non-class:     55.61 MB capacity,    54.36 MB ( 98%) used,  1019.48 KB (  2%) free+waste,   258.13 KB ( <1%) overhead. 
      Class:      8.84 MB capacity,     7.96 MB ( 90%) used,   771.03 KB (  9%) free+waste,   129.81 KB (  1%) overhead. 
       Both:     64.44 MB capacity,    62.32 MB ( 97%) used,     1.75 MB (  3%) free+waste,   387.94 KB ( <1%) overhead. 

Virtual space:
  Non-class space:       56.00 MB reserved,      55.67 MB (>99%) committed 
      Class space:        1.00 GB reserved,       8.96 MB ( <1%) committed 
             Both:        1.05 GB reserved,      64.63 MB (  6%) committed 

Chunk freelists:
   Non-Class:  256 bytes
       Class:  1.00 KB
        Both:  1.25 KB

CodeHeap 'non-profiled nmethods': size=120000Kb used=3499Kb max_used=3499Kb free=116500Kb
 bounds [0x000002c0d7620000, 0x000002c0d7990000, 0x000002c0deb50000]
CodeHeap 'profiled nmethods': size=120000Kb used=13909Kb max_used=13909Kb free=106090Kb
 bounds [0x000002c0d00f0000, 0x000002c0d0e90000, 0x000002c0d7620000]
CodeHeap 'non-nmethods': size=5760Kb used=1219Kb max_used=1266Kb free=4540Kb
 bounds [0x000002c0cfb50000, 0x000002c0cfdc0000, 0x000002c0d00f0000]
 total_blobs=6686 nmethods=6098 adapters=499
 compilation: enabled
              stopped_count=0, restarted_count=0
 full_count=0

Compilation events (10 events):
Event: 19.747 Thread 0x000002c0e72b3800 6251       2       org.springframework.core.annotation.TypeMappedAnnotation::createSynthesizedAnnotation (78 bytes)
Event: 19.748 Thread 0x000002c0e72b3800 nmethod 6251 0x000002c0d0e7cd10 code [0x000002c0d0e7cee0, 0x000002c0d0e7d2e8]
Event: 19.750 Thread 0x000002c0e72b3800 6252       2       org.springframework.cloud.commons.config.DefaultsBindHandlerAdvisor$1::onStart (60 bytes)
Event: 19.751 Thread 0x000002c0e72b3800 nmethod 6252 0x000002c0d0e7d490 code [0x000002c0d0e7d680, 0x000002c0d0e7daa8]
Event: 19.752 Thread 0x000002c0e72b3800 6253       2       org.springframework.cloud.commons.config.DefaultsBindHandlerAdvisor::access$000 (6 bytes)
Event: 19.752 Thread 0x000002c0e72b3800 nmethod 6253 0x000002c0d0e7dd90 code [0x000002c0d0e7df20, 0x000002c0d0e7e028]
Event: 19.791 Thread 0x000002c0e72b3800 6254       2       java.lang.Long::valueOf (40 bytes)
Event: 19.792 Thread 0x000002c0e72b3800 nmethod 6254 0x000002c0d0e7e110 code [0x000002c0d0e7e2a0, 0x000002c0d0e7e458]
Event: 19.792 Thread 0x000002c0e72b3800 6255       2       java.util.TreeMap$KeySet::size (10 bytes)
Event: 19.792 Thread 0x000002c0e72b3800 nmethod 6255 0x000002c0d0e7e590 code [0x000002c0d0e7e720, 0x000002c0d0e7e848]

GC Heap History (10 events):
Event: 13.175 GC heap before
{Heap before GC invocations=9 (full 0):
 garbage-first heap   total 129024K, used 85278K [0x0000000083800000, 0x0000000100000000)
  region size 1024K, 60 young (61440K), 6 survivors (6144K)
 Metaspace       used 45164K, capacity 46351K, committed 46492K, reserved 1089536K
  class space    used 5542K, capacity 6031K, committed 6124K, reserved 1048576K
}
Event: 13.189 GC heap after
{Heap after GC invocations=10 (full 0):
 garbage-first heap   total 129024K, used 24695K [0x0000000083800000, 0x0000000100000000)
  region size 1024K, 8 young (8192K), 8 survivors (8192K)
 Metaspace       used 45164K, capacity 46351K, committed 46492K, reserved 1089536K
  class space    used 5542K, capacity 6031K, committed 6124K, reserved 1048576K
}
Event: 14.218 GC heap before
{Heap before GC invocations=10 (full 0):
 garbage-first heap   total 129024K, used 51319K [0x0000000083800000, 0x0000000100000000)
  region size 1024K, 33 young (33792K), 8 survivors (8192K)
 Metaspace       used 47713K, capacity 49160K, committed 49308K, reserved 1091584K
  class space    used 5926K, capacity 6514K, committed 6636K, reserved 1048576K
}
Event: 14.228 GC heap after
{Heap after GC invocations=11 (full 0):
 garbage-first heap   total 129024K, used 24789K [0x0000000083800000, 0x0000000100000000)
  region size 1024K, 2 young (2048K), 2 survivors (2048K)
 Metaspace       used 47713K, capacity 49160K, committed 49308K, reserved 1091584K
  class space    used 5926K, capacity 6514K, committed 6636K, reserved 1048576K
}
Event: 15.689 GC heap before
{Heap before GC invocations=11 (full 0):
 garbage-first heap   total 129024K, used 64725K [0x0000000083800000, 0x0000000100000000)
  region size 1024K, 41 young (41984K), 2 survivors (2048K)
 Metaspace       used 56300K, capacity 58070K, committed 58268K, reserved 1099776K
  class space    used 7115K, capacity 7824K, committed 7916K, reserved 1048576K
}
Event: 15.700 GC heap after
{Heap after GC invocations=12 (full 0):
 garbage-first heap   total 129024K, used 28550K [0x0000000083800000, 0x0000000100000000)
  region size 1024K, 6 young (6144K), 6 survivors (6144K)
 Metaspace       used 56300K, capacity 58070K, committed 58268K, reserved 1099776K
  class space    used 7115K, capacity 7824K, committed 7916K, reserved 1048576K
}
Event: 16.304 GC heap before
{Heap before GC invocations=12 (full 0):
 garbage-first heap   total 129024K, used 44934K [0x0000000083800000, 0x0000000100000000)
  region size 1024K, 23 young (23552K), 6 survivors (6144K)
 Metaspace       used 58510K, capacity 60338K, committed 60420K, reserved 1101824K
  class space    used 7423K, capacity 8203K, committed 8276K, reserved 1048576K
}
Event: 16.316 GC heap after
{Heap after GC invocations=13 (full 0):
 garbage-first heap   total 129024K, used 29753K [0x0000000083800000, 0x0000000100000000)
  region size 1024K, 2 young (2048K), 2 survivors (2048K)
 Metaspace       used 58510K, capacity 60338K, committed 60420K, reserved 1101824K
  class space    used 7423K, capacity 8203K, committed 8276K, reserved 1048576K
}
Event: 19.782 GC heap before
{Heap before GC invocations=14 (full 0):
 garbage-first heap   total 129024K, used 78905K [0x0000000083800000, 0x0000000100000000)
  region size 1024K, 50 young (51200K), 2 survivors (2048K)
 Metaspace       used 63294K, capacity 65461K, committed 65796K, reserved 1105920K
  class space    used 8064K, capacity 8959K, committed 9044K, reserved 1048576K
}
Event: 19.790 GC heap after
{Heap after GC invocations=15 (full 0):
 garbage-first heap   total 129024K, used 32795K [0x0000000083800000, 0x0000000100000000)
  region size 1024K, 5 young (5120K), 5 survivors (5120K)
 Metaspace       used 63294K, capacity 65461K, committed 65796K, reserved 1105920K
  class space    used 8064K, capacity 8959K, committed 9044K, reserved 1048576K
}

Deoptimization events (10 events):
Event: 17.614 Thread 0x000002c0e8417000 Uncommon trap: reason=bimorphic_or_optimized_type_check action=maybe_recompile pc=0x000002c0d7809f1c method=org.springframework.core.annotation.TypeMappedAnnotation.getValue(IZZ)Ljava/lang/Object; @ 121 c2
Event: 17.632 Thread 0x000002c0e8417000 Uncommon trap: reason=bimorphic_or_optimized_type_check action=maybe_recompile pc=0x000002c0d7809f1c method=org.springframework.core.annotation.TypeMappedAnnotation.getValue(IZZ)Ljava/lang/Object; @ 121 c2
Event: 17.632 Thread 0x000002c0e8417000 Uncommon trap: reason=bimorphic_or_optimized_type_check action=maybe_recompile pc=0x000002c0d7809f1c method=org.springframework.core.annotation.TypeMappedAnnotation.getValue(IZZ)Ljava/lang/Object; @ 121 c2
Event: 17.700 Thread 0x000002c0e8417000 Uncommon trap: reason=null_check action=make_not_entrant pc=0x000002c0d7938568 method=org.springframework.core.annotation.AnnotationsScanner.processClassHierarchy(Ljava/lang/Object;[ILjava/lang/Class;Lorg/springframework/core/annotation/AnnotationsProcess
Event: 17.857 Thread 0x000002c0e8417000 Uncommon trap: reason=unstable_if action=reinterpret pc=0x000002c0d77cf2a4 method=org.springframework.util.ClassUtils.isAssignable(Ljava/lang/Class;Ljava/lang/Class;)Z @ 75 c2
Event: 18.279 Thread 0x000002c0e8417000 Uncommon trap: reason=unstable_if action=reinterpret pc=0x000002c0d78912ac method=org.springframework.beans.factory.support.DefaultSingletonBeanRegistry.getSingleton(Ljava/lang/String;Z)Ljava/lang/Object; @ 39 c2
Event: 19.430 Thread 0x000002c0e8417000 Uncommon trap: reason=class_check action=maybe_recompile pc=0x000002c0d76b84cc method=org.springframework.boot.context.properties.source.ConfigurationPropertyName$Elements.charAt(II)C @ 43 c2
Event: 19.430 Thread 0x000002c0e8417000 Uncommon trap: reason=class_check action=maybe_recompile pc=0x000002c0d76b84cc method=org.springframework.boot.context.properties.source.ConfigurationPropertyName$Elements.charAt(II)C @ 43 c2
Event: 19.641 Thread 0x000002c0e8417000 Uncommon trap: reason=bimorphic_or_optimized_type_check action=maybe_recompile pc=0x000002c0d786938c method=java.util.HashMap.computeIfAbsent(Ljava/lang/Object;Ljava/util/function/Function;)Ljava/lang/Object; @ 142 c2
Event: 19.641 Thread 0x000002c0e8417000 Uncommon trap: reason=bimorphic_or_optimized_type_check action=maybe_recompile pc=0x000002c0d786938c method=java.util.HashMap.computeIfAbsent(Ljava/lang/Object;Ljava/util/function/Function;)Ljava/lang/Object; @ 142 c2

Classes redefined (0 events):
No events

Internal exceptions (10 events):
Event: 17.573 Thread 0x000002c0e8417000 Exception <a 'java/lang/ClassNotFoundException'{0x000000008a28b9a8}: org/springframework/beans/factory/AwareCustomizer> (0x000000008a28b9a8) thrown at [./open/src/hotspot/share/classfile/systemDictionary.cpp, line 226]
Event: 17.574 Thread 0x000002c0e8417000 Exception <a 'java/lang/ClassNotFoundException'{0x000000008a29ea68}: org/springframework/web/context/ServletContextAwareCustomizer> (0x000000008a29ea68) thrown at [./open/src/hotspot/share/classfile/systemDictionary.cpp, line 226]
Event: 17.576 Thread 0x000002c0e8417000 Exception <a 'java/lang/ClassNotFoundException'{0x000000008a2b0a58}: org/springframework/beans/factory/AwareCustomizer> (0x000000008a2b0a58) thrown at [./open/src/hotspot/share/classfile/systemDictionary.cpp, line 226]
Event: 17.700 Thread 0x000002c0e8417000 Implicit null exception at 0x000002c0d7932586 to 0x000002c0d7938540
Event: 17.841 Thread 0x000002c0e8417000 Exception <a 'java/lang/NoSuchMethodError'{0x0000000089b9d700}: java.lang.invoke.DirectMethodHandle$Holder.invokeVirtual(Ljava/lang/Object;Ljava/lang/Object;J)V> (0x0000000089b9d700) thrown at [./open/src/hotspot/share/interpreter/linkResolver.cpp, line 7
Event: 18.195 Thread 0x000002c0e8417000 Exception <a 'java/lang/IncompatibleClassChangeError'{0x000000008934b838}: Found class java.lang.Object, but interface was expected> (0x000000008934b838) thrown at [./open/src/hotspot/share/interpreter/linkResolver.cpp, line 838]
Event: 18.318 Thread 0x000002c0e8417000 Exception <a 'java/lang/NoSuchMethodError'{0x00000000890136b8}: java.lang.invoke.DirectMethodHandle$Holder.invokeSpecial(Ljava/lang/Object;Ljava/lang/Object;Ljava/lang/Object;Ljava/lang/Object;Ljava/lang/Object;Ljava/lang/Object;Ljava/lang/Object;Ljava/la
Event: 18.318 Thread 0x000002c0e8417000 Exception <a 'java/lang/NoSuchMethodError'{0x0000000089017890}: java.lang.invoke.Invokers$Holder.linkToTargetMethod(Ljava/lang/Object;Ljava/lang/Object;Ljava/lang/Object;Ljava/lang/Object;Ljava/lang/Object;Ljava/lang/Object;Ljava/lang/Object;Ljava/lang/Ob
Event: 19.729 Thread 0x000002c0e8417000 Exception <a 'java/lang/ClassNotFoundException'{0x000000008853a730}: java/lang/ObjectCustomizer> (0x000000008853a730) thrown at [./open/src/hotspot/share/classfile/systemDictionary.cpp, line 226]
Event: 19.732 Thread 0x000002c0e8417000 Exception <a 'java/lang/ClassNotFoundException'{0x0000000088557ba8}: org/springframework/boot/actuate/autoconfigure/metrics/task/TaskExecutorMetricsAutoConfigurationCustomizer> (0x0000000088557ba8) thrown at [./open/src/hotspot/share/classfile/systemDicti

Events (10 events):
Event: 19.880 loading class com/google/gson/internal/bind/MapTypeAdapterFactory$Adapter
Event: 19.880 loading class com/google/gson/internal/bind/MapTypeAdapterFactory$Adapter done
Event: 19.883 loading class com/google/gson/internal/bind/JsonAdapterAnnotationTypeAdapterFactory
Event: 19.883 loading class com/google/gson/internal/bind/JsonAdapterAnnotationTypeAdapterFactory done
Event: 19.884 loading class com/google/gson/internal/bind/TreeTypeAdapter
Event: 19.884 loading class com/google/gson/internal/bind/TreeTypeAdapter done
Event: 19.885 loading class com/google/gson/internal/bind/ReflectiveTypeAdapterFactory
Event: 19.885 loading class com/google/gson/internal/bind/ReflectiveTypeAdapterFactory done
Event: 19.887 loading class com/google/gson/internal/bind/ReflectiveTypeAdapterFactory$Adapter
Event: 19.887 loading class com/google/gson/internal/bind/ReflectiveTypeAdapterFactory$Adapter done


Dynamic libraries:
0x00007ff7b5e80000 - 0x00007ff7b5e8f000 	C:\Program Files\Java\jdk-11.0.17\bin\java.exe
0x00007ffb7ef50000 - 0x00007ffb7f148000 	C:\Windows\SYSTEM32\ntdll.dll
0x00007ffb7ddb0000 - 0x00007ffb7de6f000 	C:\Windows\System32\KERNEL32.DLL
0x00007ffb7c870000 - 0x00007ffb7cb42000 	C:\Windows\System32\KERNELBASE.dll
0x00007ffb31d00000 - 0x00007ffb31d43000 	C:\ProgramData\FastTrack Software\Admin By Request\ShellHelper64.dll
0x00007ffb7d120000 - 0x00007ffb7d245000 	C:\Windows\System32\RPCRT4.dll
0x00007ffb7d470000 - 0x00007ffb7d4c5000 	C:\Windows\System32\SHLWAPI.dll
0x00007ffb7e5a0000 - 0x00007ffb7e63e000 	C:\Windows\System32\msvcrt.dll
0x00007ffb73ea0000 - 0x00007ffb73eaa000 	C:\Windows\SYSTEM32\VERSION.dll
0x00007ffb7e8b0000 - 0x00007ffb7ea51000 	C:\Windows\System32\USER32.dll
0x00007ffb7cd50000 - 0x00007ffb7cd72000 	C:\Windows\System32\win32u.dll
0x00007ffb7eee0000 - 0x00007ffb7ef0b000 	C:\Windows\System32\GDI32.dll
0x00007ffb7ce80000 - 0x00007ffb7cf8f000 	C:\Windows\System32\gdi32full.dll
0x00007ffb7cb50000 - 0x00007ffb7cbed000 	C:\Windows\System32\msvcp_win.dll
0x00007ffb7c640000 - 0x00007ffb7c740000 	C:\Windows\System32\ucrtbase.dll
0x00007ffb7e800000 - 0x00007ffb7e8ae000 	C:\Windows\System32\ADVAPI32.dll
0x00007ffb7dd10000 - 0x00007ffb7ddac000 	C:\Windows\System32\sechost.dll
0x00007ffb7d5c0000 - 0x00007ffb7dd04000 	C:\Windows\System32\SHELL32.dll
0x00007ffb615e0000 - 0x00007ffb615f8000 	C:\Program Files\Java\jdk-11.0.17\bin\jli.dll
0x00007ffb61ed0000 - 0x00007ffb6216a000 	C:\Windows\WinSxS\amd64_microsoft.windows.common-controls_6595b64144ccf1df_6.0.19041.1110_none_60b5254171f9507e\COMCTL32.dll
0x00007ffb60dd0000 - 0x00007ffb60de5000 	C:\Program Files\Java\jdk-11.0.17\bin\VCRUNTIME140.dll
0x00007ffb7d430000 - 0x00007ffb7d462000 	C:\Windows\System32\IMM32.DLL
0x00007ffb48c60000 - 0x00007ffb48cfb000 	C:\Program Files\Java\jdk-11.0.17\bin\msvcp140.dll
0x00007ffb23850000 - 0x00007ffb2436a000 	C:\Program Files\Java\jdk-11.0.17\bin\server\jvm.dll
0x00007ffb7d020000 - 0x00007ffb7d028000 	C:\Windows\System32\PSAPI.DLL
0x00007ffb722e0000 - 0x00007ffb722e9000 	C:\Windows\SYSTEM32\WSOCK32.dll
0x00007ffb76390000 - 0x00007ffb763b7000 	C:\Windows\SYSTEM32\WINMM.dll
0x00007ffb7d550000 - 0x00007ffb7d5bb000 	C:\Windows\System32\WS2_32.dll
0x00007ffb7ad70000 - 0x00007ffb7ad82000 	C:\Windows\SYSTEM32\kernel.appcore.dll
0x00007ffb66260000 - 0x00007ffb66270000 	C:\Program Files\Java\jdk-11.0.17\bin\verify.dll
0x00007ffb7a100000 - 0x00007ffb7a2e4000 	C:\Windows\SYSTEM32\DBGHELP.DLL
0x00007ffb763c0000 - 0x00007ffb763f5000 	C:\Windows\SYSTEM32\dbgcore.DLL
0x00007ffb7cd80000 - 0x00007ffb7ce02000 	C:\Windows\System32\bcryptPrimitives.dll
0x00007ffb5d1b0000 - 0x00007ffb5d1d8000 	C:\Program Files\Java\jdk-11.0.17\bin\java.dll
0x00007ffb62fc0000 - 0x00007ffb62fca000 	C:\Program Files\Java\jdk-11.0.17\bin\jimage.dll
0x00007ffb77cd0000 - 0x00007ffb77cde000 	C:\Program Files\Java\jdk-11.0.17\bin\instrument.dll
0x00007ffb60930000 - 0x00007ffb60946000 	C:\Program Files\Java\jdk-11.0.17\bin\zip.dll
0x00007ffb7a590000 - 0x00007ffb7ad22000 	C:\Windows\SYSTEM32\windows.storage.dll
0x00007ffb7eb80000 - 0x00007ffb7eed5000 	C:\Windows\System32\combase.dll
0x00007ffb7bf50000 - 0x00007ffb7bf80000 	C:\Windows\SYSTEM32\Wldp.dll
0x00007ffb7d380000 - 0x00007ffb7d42d000 	C:\Windows\System32\SHCORE.dll
0x00007ffb7c580000 - 0x00007ffb7c59f000 	C:\Windows\SYSTEM32\profapi.dll
0x00007ffb5fa80000 - 0x00007ffb5fa99000 	C:\Program Files\Java\jdk-11.0.17\bin\net.dll
0x00007ffb7b580000 - 0x00007ffb7b68c000 	C:\Windows\SYSTEM32\WINHTTP.dll
0x00007ffb7bcc0000 - 0x00007ffb7bd2a000 	C:\Windows\system32\mswsock.dll
0x00007ffb5e2b0000 - 0x00007ffb5e2c2000 	C:\Program Files\Java\jdk-11.0.17\bin\nio.dll
0x00007ffb77930000 - 0x00007ffb7794a000 	C:\Program Files\JetBrains\IntelliJ IDEA Community Edition 2022.2.3\bin\breakgen64.dll
0x00007ffb77960000 - 0x00007ffb77969000 	C:\Program Files\Java\jdk-11.0.17\bin\management.dll
0x00007ffb77950000 - 0x00007ffb7795b000 	C:\Program Files\Java\jdk-11.0.17\bin\management_ext.dll
0x00007ffb7b9d0000 - 0x00007ffb7ba0b000 	C:\Windows\SYSTEM32\IPHLPAPI.DLL
0x00007ffb7e790000 - 0x00007ffb7e798000 	C:\Windows\System32\NSI.dll
0x00007ffb715d0000 - 0x00007ffb715e7000 	C:\Windows\SYSTEM32\dhcpcsvc6.DLL
0x00007ffb6ce90000 - 0x00007ffb6cead000 	C:\Windows\SYSTEM32\dhcpcsvc.DLL
0x00007ffb7ba10000 - 0x00007ffb7bada000 	C:\Windows\SYSTEM32\DNSAPI.dll
0x00007ffb66020000 - 0x00007ffb6602a000 	C:\Windows\System32\rasadhlp.dll
0x00007ffb71600000 - 0x00007ffb71680000 	C:\Windows\System32\fwpuclnt.dll
0x00007ffb7c740000 - 0x00007ffb7c767000 	C:\Windows\System32\bcrypt.dll
0x00007ffb63db0000 - 0x00007ffb63dc7000 	C:\Windows\system32\napinsp.dll
0x00007ffb63d90000 - 0x00007ffb63dab000 	C:\Windows\system32\pnrpnsp.dll
0x00007ffb76960000 - 0x00007ffb76975000 	C:\Windows\system32\wshbth.dll
0x00007ffb76f30000 - 0x00007ffb76f4d000 	C:\Windows\system32\NLAapi.dll
0x00007ffb63d70000 - 0x00007ffb63d82000 	C:\Windows\System32\winrnr.dll
0x00007ffb7c000000 - 0x00007ffb7c018000 	C:\Windows\SYSTEM32\CRYPTSP.dll
0x00007ffb7b4f0000 - 0x00007ffb7b524000 	C:\Windows\system32\rsaenh.dll
0x00007ffb7c500000 - 0x00007ffb7c52e000 	C:\Windows\SYSTEM32\USERENV.dll
0x00007ffb7be50000 - 0x00007ffb7be5c000 	C:\Windows\SYSTEM32\CRYPTBASE.dll
0x00007ffb62fe0000 - 0x00007ffb63005000 	C:\Program Files\Java\jdk-11.0.17\bin\sunec.dll
0x00007ffb73770000 - 0x00007ffb7377d000 	C:\Program Files\Java\jdk-11.0.17\bin\sunmscapi.dll
0x00007ffb7cbf0000 - 0x00007ffb7cd46000 	C:\Windows\System32\CRYPT32.dll
0x00007ffb7c110000 - 0x00007ffb7c137000 	C:\Windows\SYSTEM32\ncrypt.dll
0x00007ffb7c0d0000 - 0x00007ffb7c10b000 	C:\Windows\SYSTEM32\NTASN1.dll

dbghelp: loaded successfully - version: 4.0.5 - missing functions: none
symbol engine: initialized successfully - sym options: 0x614 - pdb path: .;C:\Program Files\Java\jdk-11.0.17\bin;C:\Windows\SYSTEM32;C:\ProgramData\FastTrack Software\Admin By Request;C:\Windows\WinSxS\amd64_microsoft.windows.common-controls_6595b64144ccf1df_6.0.19041.1110_none_60b5254171f9507e;C:\Program Files\Java\jdk-11.0.17\bin\server;C:\Program Files\JetBrains\IntelliJ IDEA Community Edition 2022.2.3\bin

VM Arguments:
jvm_args: -javaagent:C:\Program Files\JetBrains\IntelliJ IDEA Community Edition 2022.2.3\lib\idea_rt.jar=51379:C:\Program Files\JetBrains\IntelliJ IDEA Community Edition 2022.2.3\bin -Dfile.encoding=UTF-8 
java_command: com.atos.library.libraryregistry.LibraryRegistryApplication
java_class_path (initial): C:\Disco D\Atos - Project\library-project\library-registry\target\classes;C:\Users\a832439\.m2\repository\org\springframework\boot\spring-boot-starter-actuator\2.7.8\spring-boot-starter-actuator-2.7.8.jar;C:\Users\a832439\.m2\repository\org\springframework\boot\spring-boot-starter\2.7.8\spring-boot-starter-2.7.8.jar;C:\Users\a832439\.m2\repository\org\springframework\boot\spring-boot-starter-logging\2.7.8\spring-boot-starter-logging-2.7.8.jar;C:\Users\a832439\.m2\repository\ch\qos\logback\logback-classic\1.2.11\logback-classic-1.2.11.jar;C:\Users\a832439\.m2\repository\ch\qos\logback\logback-core\1.2.11\logback-core-1.2.11.jar;C:\Users\a832439\.m2\repository\org\apache\logging\log4j\log4j-to-slf4j\2.17.2\log4j-to-slf4j-2.17.2.jar;C:\Users\a832439\.m2\repository\org\apache\logging\log4j\log4j-api\2.17.2\log4j-api-2.17.2.jar;C:\Users\a832439\.m2\repository\org\slf4j\jul-to-slf4j\1.7.36\jul-to-slf4j-1.7.36.jar;C:\Users\a832439\.m2\repository\jakarta\annotation\jakarta.annotation-api\1.3.5\jakarta.annotation-api-1.3.5.jar;C:\Users\a832439\.m2\repository\org\yaml\snakeyaml\1.30\snakeyaml-1.30.jar;C:\Users\a832439\.m2\repository\org\springframework\boot\spring-boot-actuator-autoconfigure\2.7.8\spring-boot-actuator-autoconfigure-2.7.8.jar;C:\Users\a832439\.m2\repository\org\springframework\boot\spring-boot-actuator\2.7.8\spring-boot-actuator-2.7.8.jar;C:\Users\a832439\.m2\repository\com\fasterxml\jackson\datatype\jackson-datatype-jsr310\2.13.4\jackson-datatype-jsr310-2.13.4.jar;C:\Users\a832439\.m2\repository\io\micrometer\micrometer-core\1.9.7\micrometer-core-1.9.7.jar;C:\Users\a832439\.m2\repository\org\hdrhistogram\HdrHistogram\2.1.12\HdrHistogram-2.1.12.jar;C:\Users\a832439\.m2\repository\org\latencyutils\LatencyUtils\2.0.3\LatencyUtils-2.0.3.jar;C:\Users\a832439\.m2\repository\org\springframework\boot\spring-boot-starter-data-mongodb\2.7.8\spring-boot-starter-data-mongodb-2.7.8.jar;C:\Users\a832439\.m2\repository\org\mongodb\mongodb-driver
Launcher Type: SUN_STANDARD

[Global flags]
     intx CICompilerCount                          = 4                                         {product} {ergonomic}
     uint ConcGCThreads                            = 2                                         {product} {ergonomic}
     uint G1ConcRefinementThreads                  = 8                                         {product} {ergonomic}
   size_t G1HeapRegionSize                         = 1048576                                   {product} {ergonomic}
    uintx GCDrainStackTargetSize                   = 64                                        {product} {ergonomic}
   size_t InitialHeapSize                          = 132120576                                 {product} {ergonomic}
   size_t MarkStackSize                            = 4194304                                   {product} {ergonomic}
   size_t MaxHeapSize                              = 2088763392                                {product} {ergonomic}
   size_t MaxNewSize                               = 1253048320                                {product} {ergonomic}
   size_t MinHeapDeltaBytes                        = 1048576                                   {product} {ergonomic}
    uintx NonNMethodCodeHeapSize                   = 5836300                                {pd product} {ergonomic}
    uintx NonProfiledCodeHeapSize                  = 122910970                              {pd product} {ergonomic}
    uintx ProfiledCodeHeapSize                     = 122910970                              {pd product} {ergonomic}
    uintx ReservedCodeCacheSize                    = 251658240                              {pd product} {ergonomic}
     bool SegmentedCodeCache                       = true                                      {product} {ergonomic}
     bool UseCompressedClassPointers               = true                                 {lp64_product} {ergonomic}
     bool UseCompressedOops                        = true                                 {lp64_product} {ergonomic}
     bool UseG1GC                                  = true                                      {product} {ergonomic}
     bool UseLargePagesIndividualAllocation        = false                                  {pd product} {ergonomic}

Logging:
Log output configuration:
 #0: stdout all=warning uptime,level,tags
 #1: stderr all=off uptime,level,tags

Environment Variables:
JAVA_HOME=C:\Program Files\Java\jdk-11.0.17
PATH=C:\Program Files\Common Files\Oracle\Java\javapath;"C:\Windows\System32;";"C:\Windows;";"C:\Windows\System32\Wbem;";"C:\Windows\System32;";"C:\Windows\System32\WindowsPowerShell\v1.0\;";"C:\Windows\System32\OpenSSH\;";"C:\Progra Files (x86)\Common Files\Pulse Secure\VC142.CRT\X64\;";"C:\Progra Files (x86)\Common Files\Pulse Secure\VC142.CRT\X86\;";"C:\Progra Files (x86)\Go\Bin;";"C:\Progra Files (x86)\Microsoft SQL Server\150\Tools\Binn\;";"C:\Program Files\Microsoft SQL Server\Client SDK\ODBC\170\Tools\Binn;";"C:\Program Files\dotnet\;";"C:\Program Files (x86)\dotnet\;";"C:\ProgramData\chocolatey\bin;";"C:\Users\a832439\AppData\Roaming\Cloud Foundry;";"C:\Program Files\Cloud Foundry;";"C:\Users\a832439\AppData\Roaming\nvm;";"C:\Users\a832439\AppData\Roaming\nvm;";"%JAVA_HOME%\bin;";"%GRADLE_HOME%\bin;";"%ANDROID_HOME%\tools;";"%ANDROID_HOME%\tools\bin;";"%ANDROID_HOME%\tools\platform-tools;";C:\Program Files (x86)\Google\Cloud SDK\google-cloud-sdk\bin;C:\Windows\System32;C:\Users\a832439\AppData\Local\Android\Sdk\emulator;C:\Python310;C:\Python310\Lib;"C:\Program Files\nodejs;";C:\Program Files\nodejs\node_modules\npm;C:\Program Files\dotnet\;C:\Program Files\nodejs;C:\eclipse - apache maven\apache-maven-3.8.6\bin;C:\Program Files\Cloud Foundry;C:\Users\a832439\AppData\Local\Android\Sdk\platform-tools;C:\Users\a832439\AppData\Roaming\nvm;C:\Program Files\MongoDB\Tools\100\bin;C:\Program Files\PowerShell\7\;C:\Program Files\MySQL\MySQL Shell 8.0\bin\;C:\Users\a832439\AppData\Local\Microsoft\WindowsApps;C:\Users\a832439\AppData\Local\Programs\Git\cmd;C:\Users\a832439\AppData\Local\Programs\Microsoft VS Code\bin;C:\Users\a832439\.dotnet\tools;C:\Smallworld434\product\bin\x86;C:\Smallworld434\product\etc\x86;C:\Users\a832439\AppData\Roaming\Cloud Foundry;C:\Users\a832439\AppData\Roaming\nvm;C:\Program Files\nodejs;C:\Program Files\Java\jdk1.8.0_333;C:\gradle\bin;C:\Windows\System32;C:\Users\a832439\AppData\Local\GitHubDesktop\bin;C:\Program Files\JetBrains\IntelliJ I
USERNAME=a832439
OS=Windows_NT
PROCESSOR_IDENTIFIER=Intel64 Family 6 Model 142 Stepping 12, GenuineIntel



---------------  S Y S T E M  ---------------

OS: Windows 10 , 64 bit Build 19041 (10.0.19041.2364)
Hyper-V role detected

CPU:total 8 (initial active 8) (4 cores per cpu, 2 threads per core) family 6 model 142 stepping 12 microcode 0xde, cmov, cx8, fxsr, mmx, sse, sse2, sse3, ssse3, sse4.1, sse4.2, popcnt, avx, avx2, aes, clmul, erms, 3dnowpref, lzcnt, ht, tsc, tscinvbit, bmi1, bmi2, adx, fma

Memory: 4k page, system-wide physical 7965M (328M free)
TotalPageFile size 13965M (AvailPageFile size 1M)
current process WorkingSet (physical memory assigned to process): 293M, peak: 299M
current process commit charge ("private bytes"): 364M, peak: 368M

vm_info: Java HotSpot(TM) 64-Bit Server VM (11.0.17+10-LTS-269) for windows-amd64 JRE (11.0.17+10-LTS-269), built on Sep 13 2022 19:26:37 by "mach5one" with MS VC++ 15.9 (VS2017)

END.
