#
# There is insufficient memory for the Java Runtime Environment to continue.
# Native memory allocation (malloc) failed to allocate 1606896 bytes for Chunk::new
# Possible reasons:
#   The system is out of physical RAM or swap space
#   The process is running with CompressedOops enabled, and the Java Heap may be blocking the growth of the native heap
# Possible solutions:
#   Reduce memory load on the system
#   Increase physical memory or swap space
#   Check if swap backing store is full
#   Decrease Java heap size (-Xmx/-Xms)
#   Decrease number of Java threads
#   Decrease Java thread stack sizes (-Xss)
#   Set larger code cache with -XX:ReservedCodeCacheSize=
#   JVM is running with Unscaled Compressed Oops mode in which the Java heap is
#     placed in the first 4GB address space. The Java Heap base address is the
#     maximum limit for the native heap growth. Please use -XX:HeapBaseMinAddress
#     to set the Java Heap base and to place the Java Heap above 4GB virtual address.
# This output file may be truncated or incomplete.
#
#  Out of Memory Error (./open/src/hotspot/share/memory/arena.cpp:197), pid=11956, tid=17380
#
# JRE version: Java(TM) SE Runtime Environment 18.9 (11.0.17+10) (build 11.0.17+10-LTS-269)
# Java VM: Java HotSpot(TM) 64-Bit Server VM 18.9 (11.0.17+10-LTS-269, mixed mode, tiered, compressed oops, g1 gc, windows-amd64)
# No core dump will be written. Minidumps are not enabled by default on client versions of Windows
#

---------------  S U M M A R Y ------------

Command Line: -javaagent:C:\Program Files\JetBrains\IntelliJ IDEA Community Edition 2022.2.3\lib\idea_rt.jar=51349:C:\Program Files\JetBrains\IntelliJ IDEA Community Edition 2022.2.3\bin -Dfile.encoding=UTF-8 com.atos.library.servicediscovery.ServiceDiscoveryApplication

Host: Intel(R) Core(TM) i5-10210U CPU @ 1.60GHz, 8 cores, 7G,  Windows 10 , 64 bit Build 19041 (10.0.19041.2364)
Time: Tue Jan 31 21:44:55 2023 Hora oficial do Brasil elapsed time: 16.225142 seconds (0d 0h 0m 16s)

---------------  T H R E A D  ---------------

Current thread (0x0000029913b84800):  JavaThread "C2 CompilerThread1" daemon [_thread_in_native, id=17380, stack(0x000000fe55700000,0x000000fe55800000)]


Current CompileTask:
C2:  16225 4978       4       org.springframework.core.annotation.TypeMappedAnnotations::get (52 bytes)

Stack: [0x000000fe55700000,0x000000fe55800000]
Native frames: (J=compiled Java code, j=interpreted, Vv=VM code, C=native code)
V  [jvm.dll+0x62b5da]
V  [jvm.dll+0x7653df]
V  [jvm.dll+0x766a89]
V  [jvm.dll+0x767113]
V  [jvm.dll+0x23dd28]
V  [jvm.dll+0xb2a1c]
V  [jvm.dll+0xb2fdc]
V  [jvm.dll+0x341597]
V  [jvm.dll+0x18cc59]
V  [jvm.dll+0x1f8815]
V  [jvm.dll+0x1f78fd]
V  [jvm.dll+0x177c91]
V  [jvm.dll+0x207296]
V  [jvm.dll+0x20542b]
V  [jvm.dll+0x72b2c0]
V  [jvm.dll+0x723e64]
V  [jvm.dll+0x62a485]
C  [ucrtbase.dll+0x21bb2]
C  [KERNEL32.DLL+0x17614]
C  [ntdll.dll+0x526a1]


---------------  P R O C E S S  ---------------

Threads class SMR info:
_java_thread_list=0x0000029916bdd350, length=18, elements={
0x0000029973197000, 0x0000029911838000, 0x000002991183a000, 0x0000029911862800,
0x0000029911864000, 0x0000029911865800, 0x00000299120c9800, 0x00000299120cd000,
0x00000299120d8000, 0x00000299117f7000, 0x00000299123ef800, 0x00000299130bd800,
0x0000029913153000, 0x00000299151d5800, 0x0000029913b84800, 0x0000029916f22000,
0x00000299135d5000, 0x0000029917c47800
}

Java Threads: ( => current thread )
  0x0000029973197000 JavaThread "main" [_thread_blocked, id=14912, stack(0x000000fe53b00000,0x000000fe53c00000)]
  0x0000029911838000 JavaThread "Reference Handler" daemon [_thread_blocked, id=9504, stack(0x000000fe54200000,0x000000fe54300000)]
  0x000002991183a000 JavaThread "Finalizer" daemon [_thread_blocked, id=4092, stack(0x000000fe54300000,0x000000fe54400000)]
  0x0000029911862800 JavaThread "Signal Dispatcher" daemon [_thread_blocked, id=7136, stack(0x000000fe54400000,0x000000fe54500000)]
  0x0000029911864000 JavaThread "Attach Listener" daemon [_thread_blocked, id=7520, stack(0x000000fe54500000,0x000000fe54600000)]
  0x0000029911865800 JavaThread "Service Thread" daemon [_thread_blocked, id=3148, stack(0x000000fe54600000,0x000000fe54700000)]
  0x00000299120c9800 JavaThread "C2 CompilerThread0" daemon [_thread_in_native, id=9456, stack(0x000000fe54700000,0x000000fe54800000)]
  0x00000299120cd000 JavaThread "C1 CompilerThread0" daemon [_thread_blocked, id=14848, stack(0x000000fe54800000,0x000000fe54900000)]
  0x00000299120d8000 JavaThread "Sweeper thread" daemon [_thread_blocked, id=11424, stack(0x000000fe54900000,0x000000fe54a00000)]
  0x00000299117f7000 JavaThread "Common-Cleaner" daemon [_thread_blocked, id=9684, stack(0x000000fe54a00000,0x000000fe54b00000)]
  0x00000299123ef800 JavaThread "Monitor Ctrl-Break" daemon [_thread_in_native, id=16664, stack(0x000000fe54c00000,0x000000fe54d00000)]
  0x00000299130bd800 JavaThread "Thread-0" [_thread_blocked, id=13436, stack(0x000000fe55100000,0x000000fe55200000)]
  0x0000029913153000 JavaThread "restartedMain" [_thread_in_native, id=6644, stack(0x000000fe55200000,0x000000fe55300000)]
  0x00000299151d5800 JavaThread "Keep-Alive-Timer" daemon [_thread_blocked, id=10132, stack(0x000000fe55000000,0x000000fe55100000)]
=>0x0000029913b84800 JavaThread "C2 CompilerThread1" daemon [_thread_in_native, id=17380, stack(0x000000fe55700000,0x000000fe55800000)]
  0x0000029916f22000 JavaThread "Catalina-utility-1" [_thread_blocked, id=15860, stack(0x000000fe55800000,0x000000fe55900000)]
  0x00000299135d5000 JavaThread "Catalina-utility-2" [_thread_blocked, id=9012, stack(0x000000fe55b00000,0x000000fe55c00000)]
  0x0000029917c47800 JavaThread "container-0" [_thread_blocked, id=7852, stack(0x000000fe55c00000,0x000000fe55d00000)]

Other Threads:
  0x0000029911835800 VMThread "VM Thread" [stack: 0x000000fe54100000,0x000000fe54200000] [id=6776]
  0x000002991284d000 WatcherThread [stack: 0x000000fe54d00000,0x000000fe54e00000] [id=2560]
  0x00000299731ad800 GCTaskThread "GC Thread#0" [stack: 0x000000fe53c00000,0x000000fe53d00000] [id=14004]
  0x0000029913097800 GCTaskThread "GC Thread#1" [stack: 0x000000fe54e00000,0x000000fe54f00000] [id=1132]
  0x000002991315c000 GCTaskThread "GC Thread#2" [stack: 0x000000fe54f00000,0x000000fe55000000] [id=1936]
  0x00000299130d6800 GCTaskThread "GC Thread#3" [stack: 0x000000fe55300000,0x000000fe55400000] [id=8208]
  0x00000299130d7000 GCTaskThread "GC Thread#4" [stack: 0x000000fe55400000,0x000000fe55500000] [id=7904]
  0x00000299130d8000 GCTaskThread "GC Thread#5" [stack: 0x000000fe55500000,0x000000fe55600000] [id=16676]
  0x0000029914b3c000 GCTaskThread "GC Thread#6" [stack: 0x000000fe55900000,0x000000fe55a00000] [id=13360]
  0x000002991507f800 GCTaskThread "GC Thread#7" [stack: 0x000000fe55a00000,0x000000fe55b00000] [id=13380]
  0x00000299731e1800 ConcurrentGCThread "G1 Main Marker" [stack: 0x000000fe53d00000,0x000000fe53e00000] [id=4808]
  0x00000299731e2800 ConcurrentGCThread "G1 Conc#0" [stack: 0x000000fe53e00000,0x000000fe53f00000] [id=17064]
  0x0000029914d1f800 ConcurrentGCThread "G1 Conc#1" [stack: 0x000000fe55600000,0x000000fe55700000] [id=8992]
  0x00000299116a4800 ConcurrentGCThread "G1 Refine#0" [stack: 0x000000fe53f00000,0x000000fe54000000] [id=804]
  0x00000299116a5000 ConcurrentGCThread "G1 Young RemSet Sampling" [stack: 0x000000fe54000000,0x000000fe54100000] [id=5856]

Threads with active compile tasks:
C2 CompilerThread0    16285 5030   !   4       jdk.internal.loader.Resource::getBytes (242 bytes)
C2 CompilerThread1    16286 4978       4       org.springframework.core.annotation.TypeMappedAnnotations::get (52 bytes)

VM state:not at safepoint (normal execution)

VM Mutex/Monitor currently owned by a thread: None

Heap address: 0x0000000083800000, size: 1992 MB, Compressed Oops mode: 32-bit
Narrow klass base: 0x0000000000000000, Narrow klass shift: 3
Compressed class space size: 1073741824 Address: 0x0000000100000000

Heap:
 garbage-first heap   total 129024K, used 82653K [0x0000000083800000, 0x0000000100000000)
  region size 1024K, 63 young (64512K), 5 survivors (5120K)
 Metaspace       used 50821K, capacity 52233K, committed 52560K, reserved 1095680K
  class space    used 6238K, capacity 6794K, committed 6912K, reserved 1048576K
Heap Regions: E=young(eden), S=young(survivor), O=old, HS=humongous(starts), HC=humongous(continues), CS=collection set, F=free, A=archive, TAMS=top-at-mark-start (previous, next)
|   0|0x0000000083800000, 0x0000000083900000, 0x0000000083900000|100%| O|  |TAMS 0x0000000083900000, 0x0000000083800000| Untracked 
|   1|0x0000000083900000, 0x0000000083a00000, 0x0000000083a00000|100%| O|  |TAMS 0x0000000083a00000, 0x0000000083900000| Untracked 
|   2|0x0000000083a00000, 0x0000000083b00000, 0x0000000083b00000|100%| O|  |TAMS 0x0000000083b00000, 0x0000000083a00000| Untracked 
|   3|0x0000000083b00000, 0x0000000083c00000, 0x0000000083c00000|100%| O|  |TAMS 0x0000000083c00000, 0x0000000083b00000| Untracked 
|   4|0x0000000083c00000, 0x0000000083d00000, 0x0000000083d00000|100%| O|  |TAMS 0x0000000083d00000, 0x0000000083c00000| Untracked 
|   5|0x0000000083d00000, 0x0000000083e00000, 0x0000000083e00000|100%| O|  |TAMS 0x0000000083e00000, 0x0000000083d00000| Untracked 
|   6|0x0000000083e00000, 0x0000000083f00000, 0x0000000083f00000|100%| O|  |TAMS 0x0000000083f00000, 0x0000000083e00000| Untracked 
|   7|0x0000000083f00000, 0x0000000084000000, 0x0000000084000000|100%| O|  |TAMS 0x0000000084000000, 0x0000000083f00000| Untracked 
|   8|0x0000000084000000, 0x0000000084100000, 0x0000000084100000|100%| O|  |TAMS 0x0000000084086c00, 0x0000000084000000| Untracked 
|   9|0x0000000084100000, 0x0000000084200000, 0x0000000084200000|100%| O|  |TAMS 0x0000000084100000, 0x0000000084100000| Untracked 
|  10|0x0000000084200000, 0x0000000084300000, 0x0000000084300000|100%| O|  |TAMS 0x0000000084200000, 0x0000000084200000| Untracked 
|  11|0x0000000084300000, 0x0000000084400000, 0x0000000084400000|100%| O|  |TAMS 0x0000000084300000, 0x0000000084300000| Untracked 
|  12|0x0000000084400000, 0x0000000084500000, 0x0000000084500000|100%| O|  |TAMS 0x0000000084400000, 0x0000000084400000| Untracked 
|  13|0x0000000084500000, 0x0000000084600000, 0x0000000084600000|100%| O|  |TAMS 0x0000000084500000, 0x0000000084500000| Untracked 
|  14|0x0000000084600000, 0x0000000084700000, 0x0000000084700000|100%| O|  |TAMS 0x0000000084600000, 0x0000000084600000| Untracked 
|  15|0x0000000084700000, 0x0000000084800000, 0x0000000084800000|100%| O|  |TAMS 0x0000000084700000, 0x0000000084700000| Untracked 
|  16|0x0000000084800000, 0x0000000084900000, 0x0000000084900000|100%| O|  |TAMS 0x0000000084800000, 0x0000000084800000| Untracked 
|  17|0x0000000084900000, 0x0000000084971200, 0x0000000084a00000| 44%| O|  |TAMS 0x0000000084900000, 0x0000000084900000| Untracked 
|  18|0x0000000084a00000, 0x0000000084a00000, 0x0000000084b00000|  0%| F|  |TAMS 0x0000000084a00000, 0x0000000084a00000| Untracked 
|  19|0x0000000084b00000, 0x0000000084b00000, 0x0000000084c00000|  0%| F|  |TAMS 0x0000000084b00000, 0x0000000084b00000| Untracked 
|  20|0x0000000084c00000, 0x0000000084c00000, 0x0000000084d00000|  0%| F|  |TAMS 0x0000000084c00000, 0x0000000084c00000| Untracked 
|  21|0x0000000084d00000, 0x0000000084d00000, 0x0000000084e00000|  0%| F|  |TAMS 0x0000000084d00000, 0x0000000084d00000| Untracked 
|  22|0x0000000084e00000, 0x0000000084f00000, 0x0000000084f00000|100%| O|  |TAMS 0x0000000084e00000, 0x0000000084e00000| Untracked 
|  23|0x0000000084f00000, 0x0000000085000000, 0x0000000085000000|100%| O|  |TAMS 0x0000000084f00000, 0x0000000084f00000| Untracked 
|  24|0x0000000085000000, 0x0000000085000000, 0x0000000085100000|  0%| F|  |TAMS 0x0000000085000000, 0x0000000085000000| Untracked 
|  25|0x0000000085100000, 0x0000000085100000, 0x0000000085200000|  0%| F|  |TAMS 0x0000000085100000, 0x0000000085100000| Untracked 
|  26|0x0000000085200000, 0x0000000085200000, 0x0000000085300000|  0%| F|  |TAMS 0x0000000085200000, 0x0000000085200000| Untracked 
|  27|0x0000000085300000, 0x0000000085300000, 0x0000000085400000|  0%| F|  |TAMS 0x0000000085300000, 0x0000000085300000| Untracked 
|  28|0x0000000085400000, 0x0000000085400000, 0x0000000085500000|  0%| F|  |TAMS 0x0000000085400000, 0x0000000085400000| Untracked 
|  29|0x0000000085500000, 0x0000000085500000, 0x0000000085600000|  0%| F|  |TAMS 0x0000000085500000, 0x0000000085500000| Untracked 
|  30|0x0000000085600000, 0x0000000085600000, 0x0000000085700000|  0%| F|  |TAMS 0x0000000085600000, 0x0000000085600000| Untracked 
|  31|0x0000000085700000, 0x0000000085700000, 0x0000000085800000|  0%| F|  |TAMS 0x0000000085700000, 0x0000000085700000| Untracked 
|  32|0x0000000085800000, 0x0000000085800000, 0x0000000085900000|  0%| F|  |TAMS 0x0000000085800000, 0x0000000085800000| Untracked 
|  33|0x0000000085900000, 0x0000000085900000, 0x0000000085a00000|  0%| F|  |TAMS 0x0000000085900000, 0x0000000085900000| Untracked 
|  34|0x0000000085a00000, 0x0000000085a00000, 0x0000000085b00000|  0%| F|  |TAMS 0x0000000085a00000, 0x0000000085a00000| Untracked 
|  35|0x0000000085b00000, 0x0000000085b00000, 0x0000000085c00000|  0%| F|  |TAMS 0x0000000085b00000, 0x0000000085b00000| Untracked 
|  36|0x0000000085c00000, 0x0000000085c00000, 0x0000000085d00000|  0%| F|  |TAMS 0x0000000085c00000, 0x0000000085c00000| Untracked 
|  37|0x0000000085d00000, 0x0000000085d00000, 0x0000000085e00000|  0%| F|  |TAMS 0x0000000085d00000, 0x0000000085d00000| Untracked 
|  38|0x0000000085e00000, 0x0000000085e00000, 0x0000000085f00000|  0%| F|  |TAMS 0x0000000085e00000, 0x0000000085e00000| Untracked 
|  39|0x0000000085f00000, 0x0000000085f00000, 0x0000000086000000|  0%| F|  |TAMS 0x0000000085f00000, 0x0000000085f00000| Untracked 
|  40|0x0000000086000000, 0x0000000086000000, 0x0000000086100000|  0%| F|  |TAMS 0x0000000086000000, 0x0000000086000000| Untracked 
|  41|0x0000000086100000, 0x0000000086100000, 0x0000000086200000|  0%| F|  |TAMS 0x0000000086100000, 0x0000000086100000| Untracked 
|  42|0x0000000086200000, 0x0000000086200000, 0x0000000086300000|  0%| F|  |TAMS 0x0000000086200000, 0x0000000086200000| Untracked 
|  43|0x0000000086300000, 0x0000000086300000, 0x0000000086400000|  0%| F|  |TAMS 0x0000000086300000, 0x0000000086300000| Untracked 
|  44|0x0000000086400000, 0x0000000086400000, 0x0000000086500000|  0%| F|  |TAMS 0x0000000086400000, 0x0000000086400000| Untracked 
|  45|0x0000000086500000, 0x0000000086500000, 0x0000000086600000|  0%| F|  |TAMS 0x0000000086500000, 0x0000000086500000| Untracked 
|  46|0x0000000086600000, 0x0000000086600000, 0x0000000086700000|  0%| F|  |TAMS 0x0000000086600000, 0x0000000086600000| Untracked 
|  47|0x0000000086700000, 0x0000000086700000, 0x0000000086800000|  0%| F|  |TAMS 0x0000000086700000, 0x0000000086700000| Untracked 
|  48|0x0000000086800000, 0x0000000086800000, 0x0000000086900000|  0%| F|  |TAMS 0x0000000086800000, 0x0000000086800000| Untracked 
|  49|0x0000000086900000, 0x0000000086900000, 0x0000000086a00000|  0%| F|  |TAMS 0x0000000086900000, 0x0000000086900000| Untracked 
|  50|0x0000000086a00000, 0x0000000086a00000, 0x0000000086b00000|  0%| F|  |TAMS 0x0000000086a00000, 0x0000000086a00000| Untracked 
|  51|0x0000000086b00000, 0x0000000086b00000, 0x0000000086c00000|  0%| F|  |TAMS 0x0000000086b00000, 0x0000000086b00000| Untracked 
|  52|0x0000000086c00000, 0x0000000086c00000, 0x0000000086d00000|  0%| F|  |TAMS 0x0000000086c00000, 0x0000000086c00000| Untracked 
|  53|0x0000000086d00000, 0x0000000086d00000, 0x0000000086e00000|  0%| F|  |TAMS 0x0000000086d00000, 0x0000000086d00000| Untracked 
|  54|0x0000000086e00000, 0x0000000086e00000, 0x0000000086f00000|  0%| F|  |TAMS 0x0000000086e00000, 0x0000000086e00000| Untracked 
|  55|0x0000000086f00000, 0x0000000086f00000, 0x0000000087000000|  0%| F|  |TAMS 0x0000000086f00000, 0x0000000086f00000| Untracked 
|  56|0x0000000087000000, 0x00000000870463a8, 0x0000000087100000| 27%| S|CS|TAMS 0x0000000087000000, 0x0000000087000000| Complete 
|  57|0x0000000087100000, 0x0000000087200000, 0x0000000087200000|100%| S|CS|TAMS 0x0000000087100000, 0x0000000087100000| Complete 
|  58|0x0000000087200000, 0x0000000087300000, 0x0000000087300000|100%| S|CS|TAMS 0x0000000087200000, 0x0000000087200000| Complete 
|  59|0x0000000087300000, 0x0000000087400000, 0x0000000087400000|100%| S|CS|TAMS 0x0000000087300000, 0x0000000087300000| Complete 
|  60|0x0000000087400000, 0x0000000087500000, 0x0000000087500000|100%| S|CS|TAMS 0x0000000087400000, 0x0000000087400000| Complete 
|  61|0x0000000087500000, 0x0000000087500000, 0x0000000087600000|  0%| F|  |TAMS 0x0000000087500000, 0x0000000087500000| Untracked 
|  62|0x0000000087600000, 0x0000000087600000, 0x0000000087700000|  0%| F|  |TAMS 0x0000000087600000, 0x0000000087600000| Untracked 
|  63|0x0000000087700000, 0x0000000087700000, 0x0000000087800000|  0%| F|  |TAMS 0x0000000087700000, 0x0000000087700000| Untracked 
|  64|0x0000000087800000, 0x0000000087800000, 0x0000000087900000|  0%| F|  |TAMS 0x0000000087800000, 0x0000000087800000| Untracked 
|  65|0x0000000087900000, 0x0000000087900000, 0x0000000087a00000|  0%| F|  |TAMS 0x0000000087900000, 0x0000000087900000| Untracked 
|  66|0x0000000087a00000, 0x0000000087a00000, 0x0000000087b00000|  0%| F|  |TAMS 0x0000000087a00000, 0x0000000087a00000| Untracked 
|  67|0x0000000087b00000, 0x0000000087b00000, 0x0000000087c00000|  0%| F|  |TAMS 0x0000000087b00000, 0x0000000087b00000| Untracked 
|  68|0x0000000087c00000, 0x0000000087d00000, 0x0000000087d00000|100%| E|  |TAMS 0x0000000087c00000, 0x0000000087c00000| Complete 
|  69|0x0000000087d00000, 0x0000000087e00000, 0x0000000087e00000|100%| E|CS|TAMS 0x0000000087d00000, 0x0000000087d00000| Complete 
|  70|0x0000000087e00000, 0x0000000087f00000, 0x0000000087f00000|100%| E|CS|TAMS 0x0000000087e00000, 0x0000000087e00000| Complete 
|  71|0x0000000087f00000, 0x0000000088000000, 0x0000000088000000|100%| E|CS|TAMS 0x0000000087f00000, 0x0000000087f00000| Complete 
|  72|0x0000000088000000, 0x0000000088100000, 0x0000000088100000|100%| E|CS|TAMS 0x0000000088000000, 0x0000000088000000| Complete 
|  73|0x0000000088100000, 0x0000000088200000, 0x0000000088200000|100%| E|CS|TAMS 0x0000000088100000, 0x0000000088100000| Complete 
|  74|0x0000000088200000, 0x0000000088300000, 0x0000000088300000|100%| E|CS|TAMS 0x0000000088200000, 0x0000000088200000| Complete 
|  75|0x0000000088300000, 0x0000000088400000, 0x0000000088400000|100%| E|CS|TAMS 0x0000000088300000, 0x0000000088300000| Complete 
|  76|0x0000000088400000, 0x0000000088500000, 0x0000000088500000|100%| E|CS|TAMS 0x0000000088400000, 0x0000000088400000| Complete 
|  77|0x0000000088500000, 0x0000000088600000, 0x0000000088600000|100%| E|CS|TAMS 0x0000000088500000, 0x0000000088500000| Complete 
|  78|0x0000000088600000, 0x0000000088700000, 0x0000000088700000|100%| E|CS|TAMS 0x0000000088600000, 0x0000000088600000| Complete 
|  79|0x0000000088700000, 0x0000000088800000, 0x0000000088800000|100%| E|CS|TAMS 0x0000000088700000, 0x0000000088700000| Complete 
|  80|0x0000000088800000, 0x0000000088900000, 0x0000000088900000|100%| E|CS|TAMS 0x0000000088800000, 0x0000000088800000| Complete 
|  81|0x0000000088900000, 0x0000000088a00000, 0x0000000088a00000|100%| E|CS|TAMS 0x0000000088900000, 0x0000000088900000| Complete 
|  82|0x0000000088a00000, 0x0000000088b00000, 0x0000000088b00000|100%| E|CS|TAMS 0x0000000088a00000, 0x0000000088a00000| Complete 
|  83|0x0000000088b00000, 0x0000000088c00000, 0x0000000088c00000|100%| E|CS|TAMS 0x0000000088b00000, 0x0000000088b00000| Complete 
|  84|0x0000000088c00000, 0x0000000088d00000, 0x0000000088d00000|100%| E|CS|TAMS 0x0000000088c00000, 0x0000000088c00000| Complete 
|  85|0x0000000088d00000, 0x0000000088e00000, 0x0000000088e00000|100%| E|CS|TAMS 0x0000000088d00000, 0x0000000088d00000| Complete 
|  86|0x0000000088e00000, 0x0000000088f00000, 0x0000000088f00000|100%| E|CS|TAMS 0x0000000088e00000, 0x0000000088e00000| Complete 
|  87|0x0000000088f00000, 0x0000000089000000, 0x0000000089000000|100%| E|CS|TAMS 0x0000000088f00000, 0x0000000088f00000| Complete 
|  88|0x0000000089000000, 0x0000000089100000, 0x0000000089100000|100%| E|CS|TAMS 0x0000000089000000, 0x0000000089000000| Complete 
|  89|0x0000000089100000, 0x0000000089200000, 0x0000000089200000|100%| E|CS|TAMS 0x0000000089100000, 0x0000000089100000| Complete 
|  90|0x0000000089200000, 0x0000000089300000, 0x0000000089300000|100%| E|CS|TAMS 0x0000000089200000, 0x0000000089200000| Complete 
|  91|0x0000000089300000, 0x0000000089400000, 0x0000000089400000|100%| E|CS|TAMS 0x0000000089300000, 0x0000000089300000| Complete 
|  92|0x0000000089400000, 0x0000000089500000, 0x0000000089500000|100%| E|CS|TAMS 0x0000000089400000, 0x0000000089400000| Complete 
|  93|0x0000000089500000, 0x0000000089600000, 0x0000000089600000|100%| E|CS|TAMS 0x0000000089500000, 0x0000000089500000| Complete 
|  94|0x0000000089600000, 0x0000000089700000, 0x0000000089700000|100%| E|CS|TAMS 0x0000000089600000, 0x0000000089600000| Complete 
|  95|0x0000000089700000, 0x0000000089800000, 0x0000000089800000|100%| E|CS|TAMS 0x0000000089700000, 0x0000000089700000| Complete 
|  96|0x0000000089800000, 0x0000000089900000, 0x0000000089900000|100%| E|CS|TAMS 0x0000000089800000, 0x0000000089800000| Complete 
|  97|0x0000000089900000, 0x0000000089a00000, 0x0000000089a00000|100%| E|CS|TAMS 0x0000000089900000, 0x0000000089900000| Complete 
|  98|0x0000000089a00000, 0x0000000089b00000, 0x0000000089b00000|100%| E|CS|TAMS 0x0000000089a00000, 0x0000000089a00000| Complete 
|  99|0x0000000089b00000, 0x0000000089c00000, 0x0000000089c00000|100%| E|CS|TAMS 0x0000000089b00000, 0x0000000089b00000| Complete 
| 100|0x0000000089c00000, 0x0000000089d00000, 0x0000000089d00000|100%| E|CS|TAMS 0x0000000089c00000, 0x0000000089c00000| Complete 
| 101|0x0000000089d00000, 0x0000000089e00000, 0x0000000089e00000|100%| E|CS|TAMS 0x0000000089d00000, 0x0000000089d00000| Complete 
| 102|0x0000000089e00000, 0x0000000089f00000, 0x0000000089f00000|100%| E|CS|TAMS 0x0000000089e00000, 0x0000000089e00000| Complete 
| 103|0x0000000089f00000, 0x000000008a000000, 0x000000008a000000|100%| E|CS|TAMS 0x0000000089f00000, 0x0000000089f00000| Complete 
| 104|0x000000008a000000, 0x000000008a100000, 0x000000008a100000|100%| E|CS|TAMS 0x000000008a000000, 0x000000008a000000| Complete 
| 105|0x000000008a100000, 0x000000008a200000, 0x000000008a200000|100%| E|CS|TAMS 0x000000008a100000, 0x000000008a100000| Complete 
| 106|0x000000008a200000, 0x000000008a300000, 0x000000008a300000|100%| E|CS|TAMS 0x000000008a200000, 0x000000008a200000| Complete 
| 107|0x000000008a300000, 0x000000008a400000, 0x000000008a400000|100%| E|CS|TAMS 0x000000008a300000, 0x000000008a300000| Complete 
| 108|0x000000008a400000, 0x000000008a500000, 0x000000008a500000|100%| E|CS|TAMS 0x000000008a400000, 0x000000008a400000| Complete 
| 109|0x000000008a500000, 0x000000008a600000, 0x000000008a600000|100%| E|CS|TAMS 0x000000008a500000, 0x000000008a500000| Complete 
| 110|0x000000008a600000, 0x000000008a700000, 0x000000008a700000|100%| E|CS|TAMS 0x000000008a600000, 0x000000008a600000| Complete 
| 111|0x000000008a700000, 0x000000008a800000, 0x000000008a800000|100%| E|CS|TAMS 0x000000008a700000, 0x000000008a700000| Complete 
| 112|0x000000008a800000, 0x000000008a900000, 0x000000008a900000|100%| E|CS|TAMS 0x000000008a800000, 0x000000008a800000| Complete 
| 113|0x000000008a900000, 0x000000008aa00000, 0x000000008aa00000|100%| E|CS|TAMS 0x000000008a900000, 0x000000008a900000| Complete 
| 114|0x000000008aa00000, 0x000000008ab00000, 0x000000008ab00000|100%| E|CS|TAMS 0x000000008aa00000, 0x000000008aa00000| Complete 
| 115|0x000000008ab00000, 0x000000008ac00000, 0x000000008ac00000|100%| E|CS|TAMS 0x000000008ab00000, 0x000000008ab00000| Complete 
| 116|0x000000008ac00000, 0x000000008ad00000, 0x000000008ad00000|100%| E|CS|TAMS 0x000000008ac00000, 0x000000008ac00000| Complete 
| 117|0x000000008ad00000, 0x000000008ae00000, 0x000000008ae00000|100%| E|CS|TAMS 0x000000008ad00000, 0x000000008ad00000| Complete 
| 118|0x000000008ae00000, 0x000000008af00000, 0x000000008af00000|100%| E|CS|TAMS 0x000000008ae00000, 0x000000008ae00000| Complete 
| 119|0x000000008af00000, 0x000000008b000000, 0x000000008b000000|100%| E|CS|TAMS 0x000000008af00000, 0x000000008af00000| Complete 
| 120|0x000000008b000000, 0x000000008b100000, 0x000000008b100000|100%| E|CS|TAMS 0x000000008b000000, 0x000000008b000000| Complete 
| 121|0x000000008b100000, 0x000000008b200000, 0x000000008b200000|100%| E|CS|TAMS 0x000000008b100000, 0x000000008b100000| Complete 
| 122|0x000000008b200000, 0x000000008b300000, 0x000000008b300000|100%| E|CS|TAMS 0x000000008b200000, 0x000000008b200000| Complete 
| 123|0x000000008b300000, 0x000000008b400000, 0x000000008b400000|100%| E|CS|TAMS 0x000000008b300000, 0x000000008b300000| Complete 
| 124|0x000000008b400000, 0x000000008b500000, 0x000000008b500000|100%| E|CS|TAMS 0x000000008b400000, 0x000000008b400000| Complete 
| 125|0x000000008b500000, 0x000000008b600000, 0x000000008b600000|100%| E|CS|TAMS 0x000000008b500000, 0x000000008b500000| Complete 

Card table byte_map: [0x000002997b6f0000,0x000002997bae0000] _byte_map_base: 0x000002997b2d4000

Marking Bits (Prev, Next): (CMBitMap*) 0x00000299731d8c28, (CMBitMap*) 0x00000299731d8c60
 Prev Bits: [0x000002997bed0000, 0x000002997ddf0000)
 Next Bits: [0x000002997ddf0000, 0x000002997fd10000)

Polling page: 0x0000029973250000

Metaspace:

Usage:
  Non-class:     44.38 MB capacity,    43.56 MB ( 98%) used,   677.89 KB (  1%) free+waste,   163.63 KB ( <1%) overhead. 
      Class:      6.64 MB capacity,     6.10 MB ( 92%) used,   476.13 KB (  7%) free+waste,    80.50 KB (  1%) overhead. 
       Both:     51.02 MB capacity,    49.66 MB ( 97%) used,     1.13 MB (  2%) free+waste,   244.13 KB ( <1%) overhead. 

Virtual space:
  Non-class space:       46.00 MB reserved,      44.58 MB ( 97%) committed 
      Class space:        1.00 GB reserved,       6.75 MB ( <1%) committed 
             Both:        1.04 GB reserved,      51.33 MB (  5%) committed 

Chunk freelists:
   Non-Class:  1.25 KB
       Class:  1.88 KB
        Both:  3.13 KB

CodeHeap 'non-profiled nmethods': size=120000Kb used=2960Kb max_used=2960Kb free=117040Kb
 bounds [0x0000029907ad0000, 0x0000029907dc0000, 0x000002990f000000]
CodeHeap 'profiled nmethods': size=120000Kb used=11690Kb max_used=11690Kb free=108309Kb
 bounds [0x00000299005a0000, 0x0000029901110000, 0x0000029907ad0000]
CodeHeap 'non-nmethods': size=5760Kb used=1186Kb max_used=1220Kb free=4573Kb
 bounds [0x0000029900000000, 0x0000029900270000, 0x00000299005a0000]
 total_blobs=5474 nmethods=4933 adapters=452
 compilation: enabled
              stopped_count=0, restarted_count=0
 full_count=0

Compilation events (10 events):
Event: 15.836 Thread 0x00000299120cd000 5026       3       org.springframework.core.ResolvableType::getGeneric (90 bytes)
Event: 15.836 Thread 0x00000299120cd000 nmethod 5026 0x0000029901109690 code [0x0000029901109860, 0x0000029901109d78]
Event: 15.836 Thread 0x00000299120cd000 5027       3       org.springframework.core.convert.TypeDescriptor::<init> (39 bytes)
Event: 15.837 Thread 0x00000299120cd000 nmethod 5027 0x0000029901109f90 code [0x000002990110a160, 0x000002990110a818]
Event: 15.840 Thread 0x00000299120cd000 5029       1       org.springframework.beans.factory.support.AbstractAutowireCapableBeanFactory::getParameterNameDiscoverer (5 bytes)
Event: 15.840 Thread 0x00000299120cd000 nmethod 5029 0x0000029907da8a10 code [0x0000029907da8ba0, 0x0000029907da8c58]
Event: 16.093 Thread 0x00000299120c9800 nmethod 4980% 0x0000029907da8d10 code [0x0000029907da92a0, 0x0000029907daeaa8]
Event: 16.093 Thread 0x00000299120c9800 4996       4       org.springframework.boot.context.properties.source.ConfigurationPropertyName::getElement (161 bytes)
Event: 16.161 Thread 0x00000299120c9800 nmethod 4996 0x0000029907db1b10 code [0x0000029907db1da0, 0x0000029907db3240]
Event: 16.212 Thread 0x00000299120c9800 5030   !   4       jdk.internal.loader.Resource::getBytes (242 bytes)

GC Heap History (10 events):
Event: 7.127 GC heap before
{Heap before GC invocations=4 (full 0):
 garbage-first heap   total 129024K, used 63239K [0x0000000083800000, 0x0000000100000000)
  region size 1024K, 57 young (58368K), 3 survivors (3072K)
 Metaspace       used 28571K, capacity 29245K, committed 29360K, reserved 1075200K
  class space    used 3223K, capacity 3506K, committed 3584K, reserved 1048576K
}
Event: 7.170 GC heap after
{Heap after GC invocations=5 (full 0):
 garbage-first heap   total 129024K, used 10937K [0x0000000083800000, 0x0000000100000000)
  region size 1024K, 5 young (5120K), 5 survivors (5120K)
 Metaspace       used 28571K, capacity 29245K, committed 29360K, reserved 1075200K
  class space    used 3223K, capacity 3506K, committed 3584K, reserved 1048576K
}
Event: 9.163 GC heap before
{Heap before GC invocations=5 (full 0):
 garbage-first heap   total 129024K, used 82617K [0x0000000083800000, 0x0000000100000000)
  region size 1024K, 75 young (76800K), 5 survivors (5120K)
 Metaspace       used 31896K, capacity 32719K, committed 32816K, reserved 1079296K
  class space    used 3608K, capacity 3919K, committed 3968K, reserved 1048576K
}
Event: 9.173 GC heap after
{Heap after GC invocations=6 (full 0):
 garbage-first heap   total 129024K, used 13428K [0x0000000083800000, 0x0000000100000000)
  region size 1024K, 7 young (7168K), 7 survivors (7168K)
 Metaspace       used 31896K, capacity 32719K, committed 32816K, reserved 1079296K
  class space    used 3608K, capacity 3919K, committed 3968K, reserved 1048576K
}
Event: 10.204 GC heap before
{Heap before GC invocations=6 (full 0):
 garbage-first heap   total 129024K, used 45172K [0x0000000083800000, 0x0000000100000000)
  region size 1024K, 39 young (39936K), 7 survivors (7168K)
 Metaspace       used 34938K, capacity 35773K, committed 35920K, reserved 1081344K
  class space    used 4009K, capacity 4336K, committed 4352K, reserved 1048576K
}
Event: 10.216 GC heap after
{Heap after GC invocations=7 (full 0):
 garbage-first heap   total 129024K, used 14875K [0x0000000083800000, 0x0000000100000000)
  region size 1024K, 6 young (6144K), 6 survivors (6144K)
 Metaspace       used 34938K, capacity 35773K, committed 35920K, reserved 1081344K
  class space    used 4009K, capacity 4336K, committed 4352K, reserved 1048576K
}
Event: 12.717 GC heap before
{Heap before GC invocations=8 (full 0):
 garbage-first heap   total 129024K, used 98843K [0x0000000083800000, 0x0000000100000000)
  region size 1024K, 75 young (76800K), 6 survivors (6144K)
 Metaspace       used 40844K, capacity 41918K, committed 42192K, reserved 1087488K
  class space    used 4748K, capacity 5192K, committed 5248K, reserved 1048576K
}
Event: 12.737 GC heap after
{Heap after GC invocations=9 (full 0):
 garbage-first heap   total 129024K, used 20396K [0x0000000083800000, 0x0000000100000000)
  region size 1024K, 10 young (10240K), 10 survivors (10240K)
 Metaspace       used 40844K, capacity 41918K, committed 42192K, reserved 1087488K
  class space    used 4748K, capacity 5192K, committed 5248K, reserved 1048576K
}
Event: 14.629 GC heap before
{Heap before GC invocations=9 (full 0):
 garbage-first heap   total 129024K, used 86956K [0x0000000083800000, 0x0000000100000000)
  region size 1024K, 75 young (76800K), 10 survivors (10240K)
 Metaspace       used 46087K, capacity 47378K, committed 47568K, reserved 1091584K
  class space    used 5458K, capacity 5973K, committed 6016K, reserved 1048576K
}
Event: 14.646 GC heap after
{Heap after GC invocations=10 (full 0):
 garbage-first heap   total 129024K, used 24285K [0x0000000083800000, 0x0000000100000000)
  region size 1024K, 5 young (5120K), 5 survivors (5120K)
 Metaspace       used 46087K, capacity 47378K, committed 47568K, reserved 1091584K
  class space    used 5458K, capacity 5973K, committed 6016K, reserved 1048576K
}

Deoptimization events (10 events):
Event: 13.413 Thread 0x0000029913153000 Uncommon trap: reason=unstable_if action=reinterpret pc=0x0000029907b2b1a0 method=java.util.LinkedHashMap.afterNodeInsertion(Z)V @ 18 c2
Event: 14.051 Thread 0x0000029913153000 Uncommon trap: reason=unstable_if action=reinterpret pc=0x0000029907caba90 method=java.util.Properties.load0(Ljava/util/Properties$LineReader;)V @ 55 c2
Event: 14.104 Thread 0x0000029913153000 Uncommon trap: reason=class_check action=make_not_entrant pc=0x0000029907d5305c method=java.util.ArrayList.toArray([Ljava/lang/Object;)[Ljava/lang/Object; @ 21 c2
Event: 14.334 Thread 0x0000029913153000 Uncommon trap: reason=unstable_if action=reinterpret pc=0x0000029907bf67a8 method=java.lang.String.equals(Ljava/lang/Object;)Z @ 27 c2
Event: 15.075 Thread 0x0000029913153000 Uncommon trap: reason=unstable_if action=reinterpret pc=0x0000029907b12914 method=java.util.jar.JarFile.getVersionedEntry(Ljava/lang/String;Ljava/util/jar/JarEntry;)Ljava/util/jar/JarEntry; @ 67 c2
Event: 15.570 Thread 0x0000029913153000 Uncommon trap: reason=unstable_if action=reinterpret pc=0x0000029907d9abb8 method=sun.reflect.annotation.AnnotationInvocationHandler.invoke(Ljava/lang/Object;Ljava/lang/reflect/Method;[Ljava/lang/Object;)Ljava/lang/Object; @ 64 c2
Event: 15.815 Thread 0x0000029913153000 Uncommon trap: reason=bimorphic_or_optimized_type_check action=maybe_recompile pc=0x0000029907c7a194 method=org.springframework.core.annotation.TypeMappedAnnotation.getValue(IZZ)Ljava/lang/Object; @ 121 c2
Event: 15.828 Thread 0x0000029913153000 Uncommon trap: reason=bimorphic_or_optimized_type_check action=maybe_recompile pc=0x0000029907c7a194 method=org.springframework.core.annotation.TypeMappedAnnotation.getValue(IZZ)Ljava/lang/Object; @ 121 c2
Event: 15.840 Thread 0x0000029913153000 Uncommon trap: reason=bimorphic_or_optimized_type_check action=maybe_recompile pc=0x0000029907c7a194 method=org.springframework.core.annotation.TypeMappedAnnotation.getValue(IZZ)Ljava/lang/Object; @ 121 c2
Event: 15.845 Thread 0x0000029913153000 Uncommon trap: reason=bimorphic_or_optimized_type_check action=maybe_recompile pc=0x0000029907c7a194 method=org.springframework.core.annotation.TypeMappedAnnotation.getValue(IZZ)Ljava/lang/Object; @ 121 c2

Classes redefined (0 events):
No events

Internal exceptions (10 events):
Event: 15.781 Thread 0x0000029913153000 Exception <a 'java/lang/ClassNotFoundException'{0x000000008889f080}: java/lang/ObjectCustomizer> (0x000000008889f080) thrown at [./open/src/hotspot/share/classfile/systemDictionary.cpp, line 226]
Event: 15.783 Thread 0x0000029913153000 Exception <a 'java/lang/ClassNotFoundException'{0x00000000888bb238}: org/springframework/web/servlet/config/annotation/WebMvcConfigurationSupportCustomizer> (0x00000000888bb238) thrown at [./open/src/hotspot/share/classfile/systemDictionary.cpp, line 226]
Event: 15.786 Thread 0x0000029913153000 Exception <a 'java/lang/ClassNotFoundException'{0x00000000888e3a60}: org/springframework/web/servlet/config/annotation/DelegatingWebMvcConfigurationCustomizer> (0x00000000888e3a60) thrown at [./open/src/hotspot/share/classfile/systemDictionary.cpp, line 2
Event: 15.788 Thread 0x0000029913153000 Exception <a 'java/lang/ClassNotFoundException'{0x0000000088705560}: org/springframework/boot/autoconfigure/web/servlet/WebMvcAutoConfiguration$EnableWebMvcConfigurationCustomizer> (0x0000000088705560) thrown at [./open/src/hotspot/share/classfile/systemD
Event: 15.790 Thread 0x0000029913153000 Exception <a 'java/lang/ClassNotFoundException'{0x0000000088726d48}: org/springframework/context/ResourceLoaderAwareCustomizer> (0x0000000088726d48) thrown at [./open/src/hotspot/share/classfile/systemDictionary.cpp, line 226]
Event: 15.791 Thread 0x0000029913153000 Exception <a 'java/lang/ClassNotFoundException'{0x000000008873a048}: org/springframework/beans/factory/AwareCustomizer> (0x000000008873a048) thrown at [./open/src/hotspot/share/classfile/systemDictionary.cpp, line 226]
Event: 15.792 Thread 0x0000029913153000 Exception <a 'java/lang/ClassNotFoundException'{0x000000008874ea20}: org/springframework/context/ApplicationContextAwareCustomizer> (0x000000008874ea20) thrown at [./open/src/hotspot/share/classfile/systemDictionary.cpp, line 226]
Event: 15.795 Thread 0x0000029913153000 Exception <a 'java/lang/ClassNotFoundException'{0x00000000887626b0}: org/springframework/beans/factory/AwareCustomizer> (0x00000000887626b0) thrown at [./open/src/hotspot/share/classfile/systemDictionary.cpp, line 226]
Event: 15.796 Thread 0x0000029913153000 Exception <a 'java/lang/ClassNotFoundException'{0x0000000088777060}: org/springframework/web/context/ServletContextAwareCustomizer> (0x0000000088777060) thrown at [./open/src/hotspot/share/classfile/systemDictionary.cpp, line 226]
Event: 15.797 Thread 0x0000029913153000 Exception <a 'java/lang/ClassNotFoundException'{0x000000008878aa10}: org/springframework/beans/factory/AwareCustomizer> (0x000000008878aa10) thrown at [./open/src/hotspot/share/classfile/systemDictionary.cpp, line 226]

Events (10 events):
Event: 16.214 loading class reactor/core/publisher/FluxFirstWithValue
Event: 16.214 loading class reactor/core/publisher/FluxFirstWithValue done
Event: 16.215 loading class reactor/core/publisher/FluxDoOnEachFuseable
Event: 16.215 loading class reactor/core/publisher/FluxDoOnEachFuseable done
Event: 16.217 loading class reactor/core/publisher/FluxDoOnEach
Event: 16.217 loading class reactor/core/publisher/FluxDoOnEach done
Event: 16.219 loading class reactor/core/publisher/FluxBufferPredicate
Event: 16.219 loading class reactor/core/publisher/FluxBufferPredicate done
Event: 16.221 loading class reactor/core/publisher/FluxOnAssembly
Event: 16.221 loading class reactor/core/publisher/FluxOnAssembly done


Dynamic libraries:
0x00007ff7b5e80000 - 0x00007ff7b5e8f000 	C:\Program Files\Java\jdk-11.0.17\bin\java.exe
0x00007ffb7ef50000 - 0x00007ffb7f148000 	C:\Windows\SYSTEM32\ntdll.dll
0x00007ffb7ddb0000 - 0x00007ffb7de6f000 	C:\Windows\System32\KERNEL32.DLL
0x00007ffb7c870000 - 0x00007ffb7cb42000 	C:\Windows\System32\KERNELBASE.dll
0x00007ffb31d00000 - 0x00007ffb31d43000 	C:\ProgramData\FastTrack Software\Admin By Request\ShellHelper64.dll
0x00007ffb7d120000 - 0x00007ffb7d245000 	C:\Windows\System32\RPCRT4.dll
0x00007ffb7d470000 - 0x00007ffb7d4c5000 	C:\Windows\System32\SHLWAPI.dll
0x00007ffb73ea0000 - 0x00007ffb73eaa000 	C:\Windows\SYSTEM32\VERSION.dll
0x00007ffb7e5a0000 - 0x00007ffb7e63e000 	C:\Windows\System32\msvcrt.dll
0x00007ffb7e8b0000 - 0x00007ffb7ea51000 	C:\Windows\System32\USER32.dll
0x00007ffb7cd50000 - 0x00007ffb7cd72000 	C:\Windows\System32\win32u.dll
0x00007ffb7eee0000 - 0x00007ffb7ef0b000 	C:\Windows\System32\GDI32.dll
0x00007ffb7ce80000 - 0x00007ffb7cf8f000 	C:\Windows\System32\gdi32full.dll
0x00007ffb7cb50000 - 0x00007ffb7cbed000 	C:\Windows\System32\msvcp_win.dll
0x00007ffb7c640000 - 0x00007ffb7c740000 	C:\Windows\System32\ucrtbase.dll
0x00007ffb7e800000 - 0x00007ffb7e8ae000 	C:\Windows\System32\ADVAPI32.dll
0x00007ffb7dd10000 - 0x00007ffb7ddac000 	C:\Windows\System32\sechost.dll
0x00007ffb7d5c0000 - 0x00007ffb7dd04000 	C:\Windows\System32\SHELL32.dll
0x00007ffb615e0000 - 0x00007ffb615f8000 	C:\Program Files\Java\jdk-11.0.17\bin\jli.dll
0x00007ffb60dd0000 - 0x00007ffb60de5000 	C:\Program Files\Java\jdk-11.0.17\bin\VCRUNTIME140.dll
0x00007ffb61ed0000 - 0x00007ffb6216a000 	C:\Windows\WinSxS\amd64_microsoft.windows.common-controls_6595b64144ccf1df_6.0.19041.1110_none_60b5254171f9507e\COMCTL32.dll
0x00007ffb7d430000 - 0x00007ffb7d462000 	C:\Windows\System32\IMM32.DLL
0x00007ffb48c60000 - 0x00007ffb48cfb000 	C:\Program Files\Java\jdk-11.0.17\bin\msvcp140.dll
0x00007ffb23850000 - 0x00007ffb2436a000 	C:\Program Files\Java\jdk-11.0.17\bin\server\jvm.dll
0x00007ffb7d020000 - 0x00007ffb7d028000 	C:\Windows\System32\PSAPI.DLL
0x00007ffb76390000 - 0x00007ffb763b7000 	C:\Windows\SYSTEM32\WINMM.dll
0x00007ffb722e0000 - 0x00007ffb722e9000 	C:\Windows\SYSTEM32\WSOCK32.dll
0x00007ffb7d550000 - 0x00007ffb7d5bb000 	C:\Windows\System32\WS2_32.dll
0x00007ffb7ad70000 - 0x00007ffb7ad82000 	C:\Windows\SYSTEM32\kernel.appcore.dll
0x00007ffb66260000 - 0x00007ffb66270000 	C:\Program Files\Java\jdk-11.0.17\bin\verify.dll
0x00007ffb7a100000 - 0x00007ffb7a2e4000 	C:\Windows\SYSTEM32\DBGHELP.DLL
0x00007ffb763c0000 - 0x00007ffb763f5000 	C:\Windows\SYSTEM32\dbgcore.DLL
0x00007ffb7cd80000 - 0x00007ffb7ce02000 	C:\Windows\System32\bcryptPrimitives.dll
0x00007ffb5d1b0000 - 0x00007ffb5d1d8000 	C:\Program Files\Java\jdk-11.0.17\bin\java.dll
0x00007ffb62fc0000 - 0x00007ffb62fca000 	C:\Program Files\Java\jdk-11.0.17\bin\jimage.dll
0x00007ffb77cd0000 - 0x00007ffb77cde000 	C:\Program Files\Java\jdk-11.0.17\bin\instrument.dll
0x00007ffb60930000 - 0x00007ffb60946000 	C:\Program Files\Java\jdk-11.0.17\bin\zip.dll
0x00007ffb7a590000 - 0x00007ffb7ad22000 	C:\Windows\SYSTEM32\windows.storage.dll
0x00007ffb7eb80000 - 0x00007ffb7eed5000 	C:\Windows\System32\combase.dll
0x00007ffb7bf50000 - 0x00007ffb7bf80000 	C:\Windows\SYSTEM32\Wldp.dll
0x00007ffb7d380000 - 0x00007ffb7d42d000 	C:\Windows\System32\SHCORE.dll
0x00007ffb7c580000 - 0x00007ffb7c59f000 	C:\Windows\SYSTEM32\profapi.dll
0x00007ffb5fa80000 - 0x00007ffb5fa99000 	C:\Program Files\Java\jdk-11.0.17\bin\net.dll
0x00007ffb7b580000 - 0x00007ffb7b68c000 	C:\Windows\SYSTEM32\WINHTTP.dll
0x00007ffb7bcc0000 - 0x00007ffb7bd2a000 	C:\Windows\system32\mswsock.dll
0x00007ffb5e2b0000 - 0x00007ffb5e2c2000 	C:\Program Files\Java\jdk-11.0.17\bin\nio.dll
0x00007ffb77930000 - 0x00007ffb7794a000 	C:\Program Files\JetBrains\IntelliJ IDEA Community Edition 2022.2.3\bin\breakgen64.dll
0x00007ffb77960000 - 0x00007ffb77969000 	C:\Program Files\Java\jdk-11.0.17\bin\management.dll
0x00007ffb77950000 - 0x00007ffb7795b000 	C:\Program Files\Java\jdk-11.0.17\bin\management_ext.dll
0x00007ffb7b9d0000 - 0x00007ffb7ba0b000 	C:\Windows\SYSTEM32\IPHLPAPI.DLL
0x00007ffb7e790000 - 0x00007ffb7e798000 	C:\Windows\System32\NSI.dll
0x00007ffb715d0000 - 0x00007ffb715e7000 	C:\Windows\SYSTEM32\dhcpcsvc6.DLL
0x00007ffb6ce90000 - 0x00007ffb6cead000 	C:\Windows\SYSTEM32\dhcpcsvc.DLL
0x00007ffb7ba10000 - 0x00007ffb7bada000 	C:\Windows\SYSTEM32\DNSAPI.dll
0x00007ffb66020000 - 0x00007ffb6602a000 	C:\Windows\System32\rasadhlp.dll
0x00007ffb71600000 - 0x00007ffb71680000 	C:\Windows\System32\fwpuclnt.dll
0x00007ffb7c740000 - 0x00007ffb7c767000 	C:\Windows\System32\bcrypt.dll
0x00007ffb63db0000 - 0x00007ffb63dc7000 	C:\Windows\system32\napinsp.dll
0x00007ffb63d90000 - 0x00007ffb63dab000 	C:\Windows\system32\pnrpnsp.dll
0x00007ffb76960000 - 0x00007ffb76975000 	C:\Windows\system32\wshbth.dll
0x00007ffb76f30000 - 0x00007ffb76f4d000 	C:\Windows\system32\NLAapi.dll
0x00007ffb63d70000 - 0x00007ffb63d82000 	C:\Windows\System32\winrnr.dll
0x00007ffb7c000000 - 0x00007ffb7c018000 	C:\Windows\SYSTEM32\CRYPTSP.dll
0x00007ffb7b4f0000 - 0x00007ffb7b524000 	C:\Windows\system32\rsaenh.dll
0x00007ffb7c500000 - 0x00007ffb7c52e000 	C:\Windows\SYSTEM32\USERENV.dll
0x00007ffb7be50000 - 0x00007ffb7be5c000 	C:\Windows\SYSTEM32\CRYPTBASE.dll
0x00007ffb62fe0000 - 0x00007ffb63005000 	C:\Program Files\Java\jdk-11.0.17\bin\sunec.dll
0x00007ffb73770000 - 0x00007ffb7377d000 	C:\Program Files\Java\jdk-11.0.17\bin\sunmscapi.dll
0x00007ffb7cbf0000 - 0x00007ffb7cd46000 	C:\Windows\System32\CRYPT32.dll
0x00007ffb7c110000 - 0x00007ffb7c137000 	C:\Windows\SYSTEM32\ncrypt.dll
0x00007ffb7c0d0000 - 0x00007ffb7c10b000 	C:\Windows\SYSTEM32\NTASN1.dll

dbghelp: loaded successfully - version: 4.0.5 - missing functions: none
symbol engine: initialized successfully - sym options: 0x614 - pdb path: .;C:\Program Files\Java\jdk-11.0.17\bin;C:\Windows\SYSTEM32;C:\ProgramData\FastTrack Software\Admin By Request;C:\Windows\WinSxS\amd64_microsoft.windows.common-controls_6595b64144ccf1df_6.0.19041.1110_none_60b5254171f9507e;C:\Program Files\Java\jdk-11.0.17\bin\server;C:\Program Files\JetBrains\IntelliJ IDEA Community Edition 2022.2.3\bin

VM Arguments:
jvm_args: -javaagent:C:\Program Files\JetBrains\IntelliJ IDEA Community Edition 2022.2.3\lib\idea_rt.jar=51349:C:\Program Files\JetBrains\IntelliJ IDEA Community Edition 2022.2.3\bin -Dfile.encoding=UTF-8 
java_command: com.atos.library.servicediscovery.ServiceDiscoveryApplication
java_class_path (initial): C:\Disco D\Atos - Project\library-project\service-discovery\target\classes;C:\Users\a832439\.m2\repository\org\springframework\boot\spring-boot-starter-actuator\2.7.8\spring-boot-starter-actuator-2.7.8.jar;C:\Users\a832439\.m2\repository\org\springframework\boot\spring-boot-starter\2.7.8\spring-boot-starter-2.7.8.jar;C:\Users\a832439\.m2\repository\org\springframework\boot\spring-boot-starter-logging\2.7.8\spring-boot-starter-logging-2.7.8.jar;C:\Users\a832439\.m2\repository\ch\qos\logback\logback-classic\1.2.11\logback-classic-1.2.11.jar;C:\Users\a832439\.m2\repository\ch\qos\logback\logback-core\1.2.11\logback-core-1.2.11.jar;C:\Users\a832439\.m2\repository\org\apache\logging\log4j\log4j-to-slf4j\2.17.2\log4j-to-slf4j-2.17.2.jar;C:\Users\a832439\.m2\repository\org\apache\logging\log4j\log4j-api\2.17.2\log4j-api-2.17.2.jar;C:\Users\a832439\.m2\repository\org\slf4j\jul-to-slf4j\1.7.36\jul-to-slf4j-1.7.36.jar;C:\Users\a832439\.m2\repository\jakarta\annotation\jakarta.annotation-api\1.3.5\jakarta.annotation-api-1.3.5.jar;C:\Users\a832439\.m2\repository\org\yaml\snakeyaml\1.30\snakeyaml-1.30.jar;C:\Users\a832439\.m2\repository\org\springframework\boot\spring-boot-actuator-autoconfigure\2.7.8\spring-boot-actuator-autoconfigure-2.7.8.jar;C:\Users\a832439\.m2\repository\org\springframework\boot\spring-boot-actuator\2.7.8\spring-boot-actuator-2.7.8.jar;C:\Users\a832439\.m2\repository\com\fasterxml\jackson\datatype\jackson-datatype-jsr310\2.13.4\jackson-datatype-jsr310-2.13.4.jar;C:\Users\a832439\.m2\repository\io\micrometer\micrometer-core\1.9.7\micrometer-core-1.9.7.jar;C:\Users\a832439\.m2\repository\org\hdrhistogram\HdrHistogram\2.1.12\HdrHistogram-2.1.12.jar;C:\Users\a832439\.m2\repository\org\latencyutils\LatencyUtils\2.0.3\LatencyUtils-2.0.3.jar;C:\Users\a832439\.m2\repository\org\springframework\cloud\spring-cloud-starter-config\3.1.5\spring-cloud-starter-config-3.1.5.jar;C:\Users\a832439\.m2\repository\org\springframework\cloud\spring-c
Launcher Type: SUN_STANDARD

[Global flags]
     intx CICompilerCount                          = 4                                         {product} {ergonomic}
     uint ConcGCThreads                            = 2                                         {product} {ergonomic}
     uint G1ConcRefinementThreads                  = 8                                         {product} {ergonomic}
   size_t G1HeapRegionSize                         = 1048576                                   {product} {ergonomic}
    uintx GCDrainStackTargetSize                   = 64                                        {product} {ergonomic}
   size_t InitialHeapSize                          = 132120576                                 {product} {ergonomic}
   size_t MarkStackSize                            = 4194304                                   {product} {ergonomic}
   size_t MaxHeapSize                              = 2088763392                                {product} {ergonomic}
   size_t MaxNewSize                               = 1253048320                                {product} {ergonomic}
   size_t MinHeapDeltaBytes                        = 1048576                                   {product} {ergonomic}
    uintx NonNMethodCodeHeapSize                   = 5836300                                {pd product} {ergonomic}
    uintx NonProfiledCodeHeapSize                  = 122910970                              {pd product} {ergonomic}
    uintx ProfiledCodeHeapSize                     = 122910970                              {pd product} {ergonomic}
    uintx ReservedCodeCacheSize                    = 251658240                              {pd product} {ergonomic}
     bool SegmentedCodeCache                       = true                                      {product} {ergonomic}
     bool UseCompressedClassPointers               = true                                 {lp64_product} {ergonomic}
     bool UseCompressedOops                        = true                                 {lp64_product} {ergonomic}
     bool UseG1GC                                  = true                                      {product} {ergonomic}
     bool UseLargePagesIndividualAllocation        = false                                  {pd product} {ergonomic}

Logging:
Log output configuration:
 #0: stdout all=warning uptime,level,tags
 #1: stderr all=off uptime,level,tags

Environment Variables:
JAVA_HOME=C:\Program Files\Java\jdk-11.0.17
PATH=C:\Program Files\Common Files\Oracle\Java\javapath;"C:\Windows\System32;";"C:\Windows;";"C:\Windows\System32\Wbem;";"C:\Windows\System32;";"C:\Windows\System32\WindowsPowerShell\v1.0\;";"C:\Windows\System32\OpenSSH\;";"C:\Progra Files (x86)\Common Files\Pulse Secure\VC142.CRT\X64\;";"C:\Progra Files (x86)\Common Files\Pulse Secure\VC142.CRT\X86\;";"C:\Progra Files (x86)\Go\Bin;";"C:\Progra Files (x86)\Microsoft SQL Server\150\Tools\Binn\;";"C:\Program Files\Microsoft SQL Server\Client SDK\ODBC\170\Tools\Binn;";"C:\Program Files\dotnet\;";"C:\Program Files (x86)\dotnet\;";"C:\ProgramData\chocolatey\bin;";"C:\Users\a832439\AppData\Roaming\Cloud Foundry;";"C:\Program Files\Cloud Foundry;";"C:\Users\a832439\AppData\Roaming\nvm;";"C:\Users\a832439\AppData\Roaming\nvm;";"%JAVA_HOME%\bin;";"%GRADLE_HOME%\bin;";"%ANDROID_HOME%\tools;";"%ANDROID_HOME%\tools\bin;";"%ANDROID_HOME%\tools\platform-tools;";C:\Program Files (x86)\Google\Cloud SDK\google-cloud-sdk\bin;C:\Windows\System32;C:\Users\a832439\AppData\Local\Android\Sdk\emulator;C:\Python310;C:\Python310\Lib;"C:\Program Files\nodejs;";C:\Program Files\nodejs\node_modules\npm;C:\Program Files\dotnet\;C:\Program Files\nodejs;C:\eclipse - apache maven\apache-maven-3.8.6\bin;C:\Program Files\Cloud Foundry;C:\Users\a832439\AppData\Local\Android\Sdk\platform-tools;C:\Users\a832439\AppData\Roaming\nvm;C:\Program Files\MongoDB\Tools\100\bin;C:\Program Files\PowerShell\7\;C:\Program Files\MySQL\MySQL Shell 8.0\bin\;C:\Users\a832439\AppData\Local\Microsoft\WindowsApps;C:\Users\a832439\AppData\Local\Programs\Git\cmd;C:\Users\a832439\AppData\Local\Programs\Microsoft VS Code\bin;C:\Users\a832439\.dotnet\tools;C:\Smallworld434\product\bin\x86;C:\Smallworld434\product\etc\x86;C:\Users\a832439\AppData\Roaming\Cloud Foundry;C:\Users\a832439\AppData\Roaming\nvm;C:\Program Files\nodejs;C:\Program Files\Java\jdk1.8.0_333;C:\gradle\bin;C:\Windows\System32;C:\Users\a832439\AppData\Local\GitHubDesktop\bin;C:\Program Files\JetBrains\IntelliJ I
USERNAME=a832439
OS=Windows_NT
PROCESSOR_IDENTIFIER=Intel64 Family 6 Model 142 Stepping 12, GenuineIntel



---------------  S Y S T E M  ---------------

OS: Windows 10 , 64 bit Build 19041 (10.0.19041.2364)
Hyper-V role detected

CPU:total 8 (initial active 8) (4 cores per cpu, 2 threads per core) family 6 model 142 stepping 12 microcode 0xde, cmov, cx8, fxsr, mmx, sse, sse2, sse3, ssse3, sse4.1, sse4.2, popcnt, avx, avx2, aes, clmul, erms, 3dnowpref, lzcnt, ht, tsc, tscinvbit, bmi1, bmi2, adx, fma

Memory: 4k page, system-wide physical 7965M (471M free)
TotalPageFile size 13965M (AvailPageFile size 5M)
current process WorkingSet (physical memory assigned to process): 263M, peak: 267M
current process commit charge ("private bytes"): 324M, peak: 326M

vm_info: Java HotSpot(TM) 64-Bit Server VM (11.0.17+10-LTS-269) for windows-amd64 JRE (11.0.17+10-LTS-269), built on Sep 13 2022 19:26:37 by "mach5one" with MS VC++ 15.9 (VS2017)

END.
